TN:
SF:src/App.tsx
FN:11,App
FN:18,(anonymous_1)
FN:35,(anonymous_2)
FN:37,(anonymous_3)
FN:49,(anonymous_4)
FN:50,(anonymous_5)
FN:59,(anonymous_6)
FN:60,(anonymous_7)
FN:66,(anonymous_8)
FN:70,(anonymous_9)
FN:87,(anonymous_10)
FN:97,(anonymous_11)
FN:103,(anonymous_12)
FNF:13
FNH:0
FNDA:0,App
FNDA:0,(anonymous_1)
FNDA:0,(anonymous_2)
FNDA:0,(anonymous_3)
FNDA:0,(anonymous_4)
FNDA:0,(anonymous_5)
FNDA:0,(anonymous_6)
FNDA:0,(anonymous_7)
FNDA:0,(anonymous_8)
FNDA:0,(anonymous_9)
FNDA:0,(anonymous_10)
FNDA:0,(anonymous_11)
FNDA:0,(anonymous_12)
DA:13,0
DA:15,0
DA:18,0
DA:19,0
DA:20,0
DA:30,0
DA:36,0
DA:37,0
DA:39,0
DA:40,0
DA:50,0
DA:51,0
DA:52,0
DA:60,0
DA:61,0
DA:62,0
DA:66,0
DA:71,0
DA:72,0
DA:78,0
DA:88,0
DA:98,0
DA:99,0
DA:105,0
DA:106,0
LF:25
LH:0
BRDA:19,0,0,0
BRDA:19,0,1,0
BRDA:36,1,0,0
BRDA:36,1,1,0
BRDA:36,2,0,0
BRDA:36,2,1,0
BRDA:39,3,0,0
BRDA:39,3,1,0
BRDA:71,4,0,0
BRDA:71,4,1,0
BRDA:86,5,0,0
BRDA:86,5,1,0
BRDA:91,6,0,0
BRDA:91,6,1,0
BRDA:96,7,0,0
BRDA:96,7,1,0
BRDA:97,8,0,0
BRDA:97,8,1,0
BRDA:97,8,2,0
BRDA:99,9,0,0
BRDA:99,9,1,0
BRF:21
BRH:0
end_of_record
TN:
SF:src/components/about/AboutView.tsx
FN:8,AboutView
FN:11,(anonymous_1)
FN:12,(anonymous_2)
FN:41,(anonymous_3)
FN:50,(anonymous_4)
FNF:5
FNH:0
FNDA:0,AboutView
FNDA:0,(anonymous_1)
FNDA:0,(anonymous_2)
FNDA:0,(anonymous_3)
FNDA:0,(anonymous_4)
DA:9,0
DA:11,0
DA:12,0
DA:13,0
DA:17,0
DA:43,0
DA:44,0
DA:45,0
DA:46,0
DA:47,0
DA:51,0
LF:11
LH:0
BRDA:46,0,0,0
BRDA:46,0,1,0
BRF:2
BRH:0
end_of_record
TN:
SF:src/components/board/BoardTab.tsx
FN:12,BoardTab
FN:34,(anonymous_1)
FN:58,(anonymous_2)
FNF:3
FNH:0
FNDA:0,BoardTab
FNDA:0,(anonymous_1)
FNDA:0,(anonymous_2)
DA:20,0
DA:36,0
DA:37,0
DA:38,0
DA:58,0
LF:5
LH:0
BRDA:24,0,0,0
BRDA:24,0,1,0
BRDA:28,1,0,0
BRDA:28,1,1,0
BRDA:67,2,0,0
BRDA:67,2,1,0
BRDA:70,3,0,0
BRDA:70,3,1,0
BRF:8
BRH:0
end_of_record
TN:
SF:src/components/chat/ChatTab.tsx
FN:30,ChatTab
FN:52,(anonymous_1)
FN:56,(anonymous_2)
FN:63,(anonymous_3)
FN:70,(anonymous_4)
FN:78,(anonymous_5)
FN:81,(anonymous_6)
FN:87,(anonymous_7)
FN:99,(anonymous_8)
FN:184,(anonymous_9)
FN:186,(anonymous_10)
FN:201,(anonymous_11)
FN:214,(anonymous_12)
FN:229,(anonymous_13)
FN:242,(anonymous_14)
FN:243,(anonymous_15)
FNF:16
FNH:0
FNDA:0,ChatTab
FNDA:0,(anonymous_1)
FNDA:0,(anonymous_2)
FNDA:0,(anonymous_3)
FNDA:0,(anonymous_4)
FNDA:0,(anonymous_5)
FNDA:0,(anonymous_6)
FNDA:0,(anonymous_7)
FNDA:0,(anonymous_8)
FNDA:0,(anonymous_9)
FNDA:0,(anonymous_10)
FNDA:0,(anonymous_11)
FNDA:0,(anonymous_12)
FNDA:0,(anonymous_13)
FNDA:0,(anonymous_14)
FNDA:0,(anonymous_15)
DA:44,0
DA:45,0
DA:46,0
DA:47,0
DA:48,0
DA:49,0
DA:50,0
DA:52,0
DA:53,0
DA:56,0
DA:57,0
DA:58,0
DA:59,0
DA:63,0
DA:64,0
DA:65,0
DA:70,0
DA:71,0
DA:72,0
DA:73,0
DA:74,0
DA:78,0
DA:79,0
DA:80,0
DA:81,0
DA:82,0
DA:83,0
DA:86,0
DA:87,0
DA:90,0
DA:101,0
DA:103,0
DA:105,0
DA:106,0
DA:126,0
DA:127,0
DA:128,0
DA:137,0
DA:138,0
DA:140,0
DA:141,0
DA:184,0
DA:187,0
DA:188,0
DA:189,0
DA:190,0
DA:192,0
DA:193,0
DA:194,0
DA:202,0
DA:203,0
DA:204,0
DA:206,0
DA:214,0
DA:229,0
DA:242,0
DA:244,0
DA:245,0
DA:246,0
DA:247,0
LF:60
LH:0
BRDA:52,0,0,0
BRDA:53,1,0,0
BRDA:53,1,1,0
BRDA:58,2,0,0
BRDA:58,2,1,0
BRDA:64,3,0,0
BRDA:64,3,1,0
BRDA:72,4,0,0
BRDA:72,4,1,0
BRDA:80,5,0,0
BRDA:80,5,1,0
BRDA:82,6,0,0
BRDA:82,6,1,0
BRDA:94,7,0,0
BRDA:94,7,1,0
BRDA:94,8,0,0
BRDA:94,8,1,0
BRDA:101,9,0,0
BRDA:101,9,1,0
BRDA:103,10,0,0
BRDA:103,10,1,0
BRDA:126,11,0,0
BRDA:126,11,1,0
BRDA:126,12,0,0
BRDA:126,12,1,0
BRDA:138,13,0,0
BRDA:138,13,1,0
BRDA:145,14,0,0
BRDA:145,14,1,0
BRDA:152,15,0,0
BRDA:152,15,1,0
BRDA:154,16,0,0
BRDA:154,16,1,0
BRDA:162,17,0,0
BRDA:162,17,1,0
BRDA:172,18,0,0
BRDA:172,18,1,0
BRDA:187,19,0,0
BRDA:187,19,1,0
BRDA:187,20,0,0
BRDA:187,20,1,0
BRDA:192,21,0,0
BRDA:192,21,1,0
BRDA:202,22,0,0
BRDA:202,22,1,0
BRDA:226,23,0,0
BRDA:226,23,1,0
BRDA:226,23,2,0
BRDA:244,24,0,0
BRDA:244,24,1,0
BRDA:244,25,0,0
BRDA:244,25,1,0
BRDA:246,26,0,0
BRDA:246,26,1,0
BRDA:246,27,0,0
BRDA:246,27,1,0
BRDA:246,27,2,0
BRDA:251,28,0,0
BRDA:251,28,1,0
BRDA:252,29,0,0
BRDA:252,29,1,0
BRDA:257,30,0,0
BRDA:257,30,1,0
BRDA:257,30,2,0
BRDA:260,31,0,0
BRDA:260,31,1,0
BRF:66
BRH:0
end_of_record
TN:
SF:src/components/chat/MessageDialog.tsx
FN:17,MessageDialog
FN:24,(anonymous_1)
FN:25,(anonymous_2)
FN:28,(anonymous_3)
FN:34,(anonymous_4)
FN:38,(anonymous_5)
FN:55,(anonymous_6)
FN:60,(anonymous_7)
FN:69,(anonymous_8)
FN:90,(anonymous_9)
FN:115,(anonymous_10)
FN:148,(anonymous_11)
FNF:12
FNH:0
FNDA:0,MessageDialog
FNDA:0,(anonymous_1)
FNDA:0,(anonymous_2)
FNDA:0,(anonymous_3)
FNDA:0,(anonymous_4)
FNDA:0,(anonymous_5)
FNDA:0,(anonymous_6)
FNDA:0,(anonymous_7)
FNDA:0,(anonymous_8)
FNDA:0,(anonymous_9)
FNDA:0,(anonymous_10)
FNDA:0,(anonymous_11)
DA:18,0
DA:19,0
DA:20,0
DA:21,0
DA:22,0
DA:24,0
DA:25,0
DA:28,0
DA:29,0
DA:30,0
DA:34,0
DA:35,0
DA:38,0
DA:39,0
DA:41,0
DA:42,0
DA:44,0
DA:45,0
DA:46,0
DA:48,0
DA:51,0
DA:55,0
DA:56,0
DA:57,0
DA:60,0
DA:62,0
DA:63,0
DA:64,0
DA:69,0
DA:70,0
DA:71,0
DA:73,0
DA:74,0
DA:75,0
DA:76,0
DA:78,0
DA:79,0
DA:82,0
DA:90,0
DA:117,0
DA:118,0
DA:148,0
LF:42
LH:0
BRDA:39,0,0,0
BRDA:39,0,1,0
BRDA:39,1,0,0
BRDA:39,1,1,0
BRDA:62,2,0,0
BRDA:62,2,1,0
BRDA:62,3,0,0
BRDA:62,3,1,0
BRDA:71,4,0,0
BRDA:71,4,1,0
BRDA:74,5,0,0
BRDA:74,5,1,0
BRDA:79,6,0,0
BRDA:79,6,1,0
BRDA:86,7,0,0
BRDA:86,7,1,0
BRDA:92,8,0,0
BRDA:92,8,1,0
BRDA:110,9,0,0
BRDA:110,9,1,0
BRDA:117,10,0,0
BRDA:117,10,1,0
BRDA:121,11,0,0
BRDA:121,11,1,0
BRDA:125,12,0,0
BRDA:125,12,1,0
BRDA:156,13,0,0
BRDA:156,13,1,0
BRDA:159,14,0,0
BRDA:159,14,1,0
BRF:30
BRH:0
end_of_record
TN:
SF:src/components/common/ContextMenu.tsx
FN:16,ContextMenu
FN:19,(anonymous_1)
FN:20,(anonymous_2)
FN:26,(anonymous_3)
FN:35,(anonymous_4)
FN:42,(anonymous_5)
FN:52,(anonymous_6)
FN:65,(anonymous_7)
FN:88,useContextMenu
FN:95,(anonymous_9)
FN:108,(anonymous_10)
FN:120,ContextMenuRenderer
FNF:12
FNH:0
FNDA:0,ContextMenu
FNDA:0,(anonymous_1)
FNDA:0,(anonymous_2)
FNDA:0,(anonymous_3)
FNDA:0,(anonymous_4)
FNDA:0,(anonymous_5)
FNDA:0,(anonymous_6)
FNDA:0,(anonymous_7)
FNDA:0,useContextMenu
FNDA:0,(anonymous_9)
FNDA:0,(anonymous_10)
FNDA:0,ContextMenuRenderer
DA:17,0
DA:19,0
DA:20,0
DA:21,0
DA:22,0
DA:26,0
DA:27,0
DA:28,0
DA:32,0
DA:33,0
DA:35,0
DA:36,0
DA:37,0
DA:42,0
DA:43,0
DA:44,0
DA:47,0
DA:53,0
DA:54,0
DA:62,0
DA:66,0
DA:67,0
DA:68,0
DA:89,0
DA:95,0
DA:96,0
DA:97,0
DA:100,0
DA:101,0
DA:102,0
DA:103,0
DA:105,0
DA:108,0
DA:109,0
DA:112,0
DA:121,0
DA:123,0
LF:37
LH:0
BRDA:21,0,0,0
BRDA:21,0,1,0
BRDA:21,1,0,0
BRDA:21,1,1,0
BRDA:27,2,0,0
BRDA:27,2,1,0
BRDA:43,3,0,0
BRDA:43,3,1,0
BRDA:43,4,0,0
BRDA:43,4,1,0
BRDA:53,5,0,0
BRDA:53,5,1,0
BRDA:66,6,0,0
BRDA:66,6,1,0
BRDA:66,7,0,0
BRDA:66,7,1,0
BRDA:74,8,0,0
BRDA:74,8,1,0
BRDA:121,9,0,0
BRDA:121,9,1,0
BRF:20
BRH:0
end_of_record
TN:
SF:src/components/common/Linkify.tsx
FN:8,Linkify
FN:13,(anonymous_1)
FN:20,(anonymous_2)
FN:23,(anonymous_3)
FNF:4
FNH:0
FNDA:0,Linkify
FNDA:0,(anonymous_1)
FNDA:0,(anonymous_2)
FNDA:0,(anonymous_3)
DA:1,0
DA:9,0
DA:11,0
DA:14,0
DA:21,0
DA:22,0
DA:24,0
LF:7
LH:0
BRDA:14,0,0,0
BRDA:14,0,1,0
BRDA:22,1,0,0
BRDA:22,1,1,0
BRF:4
BRH:0
end_of_record
TN:
SF:src/components/files/FileInfoDialog.tsx
FN:15,formatBytes
FN:24,FileInfoDialog
FN:26,(anonymous_2)
FN:28,(anonymous_3)
FN:29,(anonymous_4)
FN:32,(anonymous_5)
FN:38,(anonymous_6)
FN:42,(anonymous_7)
FN:49,(anonymous_8)
FN:82,(anonymous_9)
FN:113,(anonymous_10)
FN:128,(anonymous_11)
FNF:12
FNH:0
FNDA:0,formatBytes
FNDA:0,FileInfoDialog
FNDA:0,(anonymous_2)
FNDA:0,(anonymous_3)
FNDA:0,(anonymous_4)
FNDA:0,(anonymous_5)
FNDA:0,(anonymous_6)
FNDA:0,(anonymous_7)
FNDA:0,(anonymous_8)
FNDA:0,(anonymous_9)
FNDA:0,(anonymous_10)
FNDA:0,(anonymous_11)
DA:16,0
DA:17,0
DA:18,0
DA:19,0
DA:20,0
DA:21,0
DA:25,0
DA:26,0
DA:28,0
DA:29,0
DA:32,0
DA:33,0
DA:34,0
DA:38,0
DA:39,0
DA:40,0
DA:41,0
DA:42,0
DA:44,0
DA:47,0
DA:49,0
DA:50,0
DA:53,0
DA:58,0
DA:59,0
DA:62,0
DA:63,0
DA:66,0
DA:67,0
DA:70,0
DA:71,0
DA:74,0
DA:82,0
DA:114,0
DA:128,0
LF:35
LH:0
BRDA:16,0,0,0
BRDA:16,0,1,0
BRDA:39,1,0,0
BRDA:39,1,1,0
BRDA:40,2,0,0
BRDA:40,2,1,0
BRDA:55,3,0,0
BRDA:55,3,1,0
BRDA:55,4,0,0
BRDA:55,4,1,0
BRDA:58,5,0,0
BRDA:58,5,1,0
BRDA:62,6,0,0
BRDA:62,6,1,0
BRDA:66,7,0,0
BRDA:66,7,1,0
BRDA:70,8,0,0
BRDA:70,8,1,0
BRDA:78,9,0,0
BRDA:78,9,1,0
BRDA:84,10,0,0
BRDA:84,10,1,0
BRDA:90,11,0,0
BRDA:90,11,1,0
BRDA:126,12,0,0
BRDA:126,12,1,0
BRF:26
BRH:0
end_of_record
TN:
SF:src/components/files/FilesTab.tsx
FN:35,FilesTab
FN:81,(anonymous_1)
FN:89,(anonymous_2)
FN:94,(anonymous_3)
FN:100,(anonymous_4)
FN:107,(anonymous_5)
FN:118,(anonymous_6)
FN:128,(anonymous_7)
FN:138,(anonymous_8)
FN:141,(anonymous_9)
FN:144,(anonymous_10)
FN:144,(anonymous_11)
FN:146,(anonymous_12)
FN:148,(anonymous_13)
FN:149,(anonymous_14)
FN:150,(anonymous_15)
FN:151,(anonymous_16)
FN:155,(anonymous_17)
FN:161,(anonymous_18)
FN:176,(anonymous_19)
FN:203,(anonymous_20)
FN:215,(anonymous_21)
FN:220,(anonymous_22)
FN:231,(anonymous_23)
FN:237,(anonymous_24)
FN:246,(anonymous_25)
FN:254,(anonymous_26)
FN:256,(anonymous_27)
FN:263,(anonymous_28)
FN:277,(anonymous_29)
FN:290,(anonymous_30)
FN:315,(anonymous_31)
FN:320,(anonymous_32)
FN:327,(anonymous_33)
FN:350,(anonymous_34)
FN:353,(anonymous_35)
FN:363,(anonymous_36)
FN:378,(anonymous_37)
FN:413,(anonymous_38)
FN:416,(anonymous_39)
FN:430,(anonymous_40)
FN:443,(anonymous_41)
FN:488,(anonymous_42)
FN:488,(anonymous_43)
FN:508,(anonymous_44)
FN:509,(anonymous_45)
FN:516,(anonymous_46)
FN:523,(anonymous_47)
FN:527,(anonymous_48)
FN:534,(anonymous_49)
FN:592,(anonymous_50)
FN:600,(anonymous_51)
FN:626,(anonymous_52)
FN:641,(anonymous_53)
FN:652,(anonymous_54)
FN:658,(anonymous_55)
FN:666,(anonymous_56)
FNF:57
FNH:0
FNDA:0,FilesTab
FNDA:0,(anonymous_1)
FNDA:0,(anonymous_2)
FNDA:0,(anonymous_3)
FNDA:0,(anonymous_4)
FNDA:0,(anonymous_5)
FNDA:0,(anonymous_6)
FNDA:0,(anonymous_7)
FNDA:0,(anonymous_8)
FNDA:0,(anonymous_9)
FNDA:0,(anonymous_10)
FNDA:0,(anonymous_11)
FNDA:0,(anonymous_12)
FNDA:0,(anonymous_13)
FNDA:0,(anonymous_14)
FNDA:0,(anonymous_15)
FNDA:0,(anonymous_16)
FNDA:0,(anonymous_17)
FNDA:0,(anonymous_18)
FNDA:0,(anonymous_19)
FNDA:0,(anonymous_20)
FNDA:0,(anonymous_21)
FNDA:0,(anonymous_22)
FNDA:0,(anonymous_23)
FNDA:0,(anonymous_24)
FNDA:0,(anonymous_25)
FNDA:0,(anonymous_26)
FNDA:0,(anonymous_27)
FNDA:0,(anonymous_28)
FNDA:0,(anonymous_29)
FNDA:0,(anonymous_30)
FNDA:0,(anonymous_31)
FNDA:0,(anonymous_32)
FNDA:0,(anonymous_33)
FNDA:0,(anonymous_34)
FNDA:0,(anonymous_35)
FNDA:0,(anonymous_36)
FNDA:0,(anonymous_37)
FNDA:0,(anonymous_38)
FNDA:0,(anonymous_39)
FNDA:0,(anonymous_40)
FNDA:0,(anonymous_41)
FNDA:0,(anonymous_42)
FNDA:0,(anonymous_43)
FNDA:0,(anonymous_44)
FNDA:0,(anonymous_45)
FNDA:0,(anonymous_46)
FNDA:0,(anonymous_47)
FNDA:0,(anonymous_48)
FNDA:0,(anonymous_49)
FNDA:0,(anonymous_50)
FNDA:0,(anonymous_51)
FNDA:0,(anonymous_52)
FNDA:0,(anonymous_53)
FNDA:0,(anonymous_54)
FNDA:0,(anonymous_55)
FNDA:0,(anonymous_56)
DA:52,0
DA:53,0
DA:54,0
DA:55,0
DA:56,0
DA:57,0
DA:58,0
DA:59,0
DA:60,0
DA:69,0
DA:78,0
DA:81,0
DA:82,0
DA:83,0
DA:84,0
DA:87,0
DA:88,0
DA:89,0
DA:90,0
DA:91,0
DA:93,0
DA:94,0
DA:96,0
DA:99,0
DA:100,0
DA:103,0
DA:108,0
DA:109,0
DA:119,0
DA:120,0
DA:121,0
DA:128,0
DA:129,0
DA:130,0
DA:131,0
DA:132,0
DA:133,0
DA:134,0
DA:138,0
DA:139,0
DA:140,0
DA:141,0
DA:144,0
DA:146,0
DA:147,0
DA:148,0
DA:149,0
DA:150,0
DA:151,0
DA:152,0
DA:155,0
DA:156,0
DA:157,0
DA:160,0
DA:161,0
DA:163,0
DA:174,0
DA:175,0
DA:176,0
DA:182,0
DA:185,0
DA:187,0
DA:195,0
DA:196,0
DA:198,0
DA:199,0
DA:200,0
DA:201,0
DA:203,0
DA:210,0
DA:213,0
DA:214,0
DA:215,0
DA:216,0
DA:217,0
DA:218,0
DA:220,0
DA:227,0
DA:231,0
DA:232,0
DA:233,0
DA:234,0
DA:237,0
DA:245,0
DA:246,0
DA:254,0
DA:255,0
DA:256,0
DA:257,0
DA:258,0
DA:259,0
DA:260,0
DA:263,0
DA:264,0
DA:267,0
DA:277,0
DA:290,0
DA:315,0
DA:322,0
DA:323,0
DA:328,0
DA:329,0
DA:351,0
DA:352,0
DA:353,0
DA:354,0
DA:359,0
DA:364,0
DA:378,0
DA:413,0
DA:417,0
DA:418,0
DA:419,0
DA:420,0
DA:422,0
DA:423,0
DA:424,0
DA:431,0
DA:432,0
DA:434,0
DA:435,0
DA:443,0
DA:488,0
DA:489,0
DA:490,0
DA:491,0
DA:494,0
DA:495,0
DA:499,0
DA:508,0
DA:510,0
DA:511,0
DA:512,0
DA:517,0
DA:518,0
DA:528,0
DA:535,0
DA:540,0
DA:592,0
DA:600,0
DA:626,0
DA:641,0
DA:652,0
DA:658,0
DA:666,0
LF:145
LH:0
BRDA:45,0,0,0
BRDA:46,1,0,0
BRDA:49,2,0,0
BRDA:82,3,0,0
BRDA:82,3,1,0
BRDA:82,4,0,0
BRDA:82,4,1,0
BRDA:90,5,0,0
BRDA:90,5,1,0
BRDA:91,6,0,0
BRDA:91,6,1,0
BRDA:93,7,0,0
BRDA:93,7,1,0
BRDA:100,8,0,0
BRDA:100,8,1,0
BRDA:108,9,0,0
BRDA:108,9,1,0
BRDA:120,10,0,0
BRDA:120,10,1,0
BRDA:129,11,0,0
BRDA:129,11,1,0
BRDA:130,12,0,0
BRDA:130,12,1,0
BRDA:130,13,0,0
BRDA:130,13,1,0
BRDA:133,14,0,0
BRDA:133,14,1,0
BRDA:139,15,0,0
BRDA:139,15,1,0
BRDA:148,16,0,0
BRDA:148,16,1,0
BRDA:149,17,0,0
BRDA:149,17,1,0
BRDA:150,18,0,0
BRDA:150,18,1,0
BRDA:151,19,0,0
BRDA:151,19,1,0
BRDA:156,20,0,0
BRDA:156,20,1,0
BRDA:156,21,0,0
BRDA:156,21,1,0
BRDA:174,22,0,0
BRDA:174,22,1,0
BRDA:198,23,0,0
BRDA:198,23,1,0
BRDA:208,24,0,0
BRDA:208,24,1,0
BRDA:225,25,0,0
BRDA:225,25,1,0
BRDA:249,26,0,0
BRDA:249,26,1,0
BRDA:255,27,0,0
BRDA:255,27,1,0
BRDA:255,28,0,0
BRDA:255,28,1,0
BRDA:257,29,0,0
BRDA:257,29,1,0
BRDA:260,30,0,0
BRDA:260,30,1,0
BRDA:270,31,0,0
BRDA:270,31,1,0
BRDA:275,32,0,0
BRDA:275,32,1,0
BRDA:288,33,0,0
BRDA:288,33,1,0
BRDA:300,34,0,0
BRDA:300,34,1,0
BRDA:302,35,0,0
BRDA:302,35,1,0
BRDA:303,36,0,0
BRDA:303,36,1,0
BRDA:312,37,0,0
BRDA:312,37,1,0
BRDA:328,38,0,0
BRDA:328,38,1,0
BRDA:334,39,0,0
BRDA:334,39,1,0
BRDA:344,40,0,0
BRDA:344,40,1,0
BRDA:352,41,0,0
BRDA:352,41,1,0
BRDA:352,42,0,0
BRDA:352,42,1,0
BRDA:376,43,0,0
BRDA:376,43,1,0
BRDA:376,43,2,0
BRDA:388,44,0,0
BRDA:388,44,1,0
BRDA:405,45,0,0
BRDA:405,45,1,0
BRDA:417,46,0,0
BRDA:417,46,1,0
BRDA:417,47,0,0
BRDA:417,47,1,0
BRDA:422,48,0,0
BRDA:422,48,1,0
BRDA:431,49,0,0
BRDA:431,49,1,0
BRDA:452,50,0,0
BRDA:452,50,1,0
BRDA:482,51,0,0
BRDA:482,51,1,0
BRDA:484,52,0,0
BRDA:484,52,1,0
BRDA:488,53,0,0
BRDA:488,53,1,0
BRDA:489,54,0,0
BRDA:489,54,1,0
BRDA:490,55,0,0
BRDA:490,55,1,0
BRDA:491,56,0,0
BRDA:491,56,1,0
BRDA:495,57,0,0
BRDA:495,57,1,0
BRDA:506,58,0,0
BRDA:506,58,1,0
BRDA:506,59,0,0
BRDA:506,59,1,0
BRDA:508,60,0,0
BRDA:508,60,1,0
BRDA:517,61,0,0
BRDA:517,61,1,0
BRDA:528,62,0,0
BRDA:528,62,1,0
BRDA:544,63,0,0
BRDA:544,63,1,0
BRDA:559,64,0,0
BRDA:559,64,1,0
BRDA:559,64,2,0
BRDA:559,64,3,0
BRDA:564,65,0,0
BRDA:564,65,1,0
BRDA:566,66,0,0
BRDA:566,66,1,0
BRDA:574,67,0,0
BRDA:574,67,1,0
BRDA:576,68,0,0
BRDA:576,68,1,0
BRDA:576,69,0,0
BRDA:576,69,1,0
BRDA:590,70,0,0
BRDA:590,70,1,0
BRDA:617,71,0,0
BRDA:617,71,1,0
BRDA:637,72,0,0
BRDA:637,72,1,0
BRDA:649,73,0,0
BRDA:649,73,1,0
BRDA:666,74,0,0
BRDA:666,74,1,0
BRDA:682,75,0,0
BRDA:682,75,1,0
BRDA:685,76,0,0
BRDA:685,76,1,0
BRDA:688,77,0,0
BRDA:688,77,1,0
BRDA:688,77,2,0
BRDA:688,77,3,0
BRDA:690,78,0,0
BRDA:690,78,1,0
BRDA:690,78,2,0
BRDA:695,79,0,0
BRDA:695,79,1,0
BRDA:695,79,2,0
BRDA:705,80,0,0
BRDA:705,80,1,0
BRDA:707,81,0,0
BRDA:707,81,1,0
BRF:168
BRH:0
end_of_record
TN:
SF:src/components/news/NewsTab.tsx
FN:52,NewsTab
FN:95,(anonymous_1)
FN:100,(anonymous_2)
FN:107,(anonymous_3)
FN:132,(anonymous_4)
FN:135,(anonymous_5)
FN:145,(anonymous_6)
FN:148,(anonymous_7)
FN:160,(anonymous_8)
FN:171,(anonymous_9)
FN:175,(anonymous_10)
FN:182,(anonymous_11)
FN:196,(anonymous_12)
FN:230,(anonymous_13)
FN:233,(anonymous_14)
FN:244,(anonymous_15)
FN:247,(anonymous_16)
FN:269,(anonymous_17)
FN:308,(anonymous_18)
FN:320,(anonymous_19)
FN:326,(anonymous_20)
FN:367,(anonymous_21)
FNF:22
FNH:0
FNDA:0,NewsTab
FNDA:0,(anonymous_1)
FNDA:0,(anonymous_2)
FNDA:0,(anonymous_3)
FNDA:0,(anonymous_4)
FNDA:0,(anonymous_5)
FNDA:0,(anonymous_6)
FNDA:0,(anonymous_7)
FNDA:0,(anonymous_8)
FNDA:0,(anonymous_9)
FNDA:0,(anonymous_10)
FNDA:0,(anonymous_11)
FNDA:0,(anonymous_12)
FNDA:0,(anonymous_13)
FNDA:0,(anonymous_14)
FNDA:0,(anonymous_15)
FNDA:0,(anonymous_16)
FNDA:0,(anonymous_17)
FNDA:0,(anonymous_18)
FNDA:0,(anonymous_19)
FNDA:0,(anonymous_20)
FNDA:0,(anonymous_21)
DA:83,0
DA:85,0
DA:86,0
DA:88,0
DA:95,0
DA:102,0
DA:103,0
DA:107,0
DA:132,0
DA:135,0
DA:145,0
DA:149,0
DA:150,0
DA:151,0
DA:152,0
DA:153,0
DA:155,0
DA:161,0
DA:162,0
DA:163,0
DA:165,0
DA:166,0
DA:171,0
DA:177,0
DA:178,0
DA:179,0
DA:182,0
DA:197,0
DA:198,0
DA:199,0
DA:230,0
DA:233,0
DA:245,0
DA:247,0
DA:270,0
DA:271,0
DA:272,0
DA:308,0
DA:320,0
DA:326,0
DA:368,0
DA:369,0
LF:42
LH:0
BRDA:63,0,0,0
BRDA:64,1,0,0
BRDA:65,2,0,0
BRDA:66,3,0,0
BRDA:67,4,0,0
BRDA:83,5,0,0
BRDA:83,5,1,0
BRDA:91,6,0,0
BRDA:91,6,1,0
BRDA:115,7,0,0
BRDA:115,7,1,0
BRDA:126,8,0,0
BRDA:126,8,1,0
BRDA:131,9,0,0
BRDA:131,9,1,0
BRDA:131,9,2,0
BRDA:134,10,0,0
BRDA:134,10,1,0
BRDA:134,10,2,0
BRDA:140,11,0,0
BRDA:140,11,1,0
BRDA:146,12,0,0
BRDA:146,12,1,0
BRDA:149,13,0,0
BRDA:149,13,1,0
BRDA:149,14,0,0
BRDA:149,14,1,0
BRDA:150,15,0,0
BRDA:150,15,1,0
BRDA:155,16,0,0
BRDA:155,16,1,0
BRDA:161,17,0,0
BRDA:161,17,1,0
BRDA:162,18,0,0
BRDA:162,18,1,0
BRDA:178,19,0,0
BRDA:178,19,1,0
BRDA:178,19,2,0
BRDA:190,20,0,0
BRDA:190,20,1,0
BRDA:194,21,0,0
BRDA:194,21,1,0
BRDA:198,22,0,0
BRDA:198,22,1,0
BRDA:219,23,0,0
BRDA:219,23,1,0
BRDA:223,24,0,0
BRDA:223,24,1,0
BRDA:223,25,0,0
BRDA:223,25,1,0
BRDA:226,26,0,0
BRDA:226,26,1,0
BRDA:226,26,2,0
BRDA:226,26,3,0
BRDA:229,27,0,0
BRDA:229,27,1,0
BRDA:229,27,2,0
BRDA:232,28,0,0
BRDA:232,28,1,0
BRDA:232,28,2,0
BRDA:238,29,0,0
BRDA:238,29,1,0
BRDA:249,30,0,0
BRDA:249,30,1,0
BRDA:257,31,0,0
BRDA:257,31,1,0
BRDA:262,32,0,0
BRDA:262,32,1,0
BRDA:267,33,0,0
BRDA:267,33,1,0
BRDA:267,33,2,0
BRDA:271,34,0,0
BRDA:271,34,1,0
BRDA:295,35,0,0
BRDA:295,35,1,0
BRDA:295,36,0,0
BRDA:295,36,1,0
BRDA:301,37,0,0
BRDA:301,37,1,0
BRDA:302,38,0,0
BRDA:302,38,1,0
BRDA:314,39,0,0
BRDA:314,39,1,0
BRDA:333,40,0,0
BRDA:333,40,1,0
BRDA:333,40,2,0
BRDA:336,41,0,0
BRDA:336,41,1,0
BRDA:339,42,0,0
BRDA:339,42,1,0
BRDA:343,43,0,0
BRDA:343,43,1,0
BRDA:358,44,0,0
BRDA:358,44,1,0
BRDA:365,45,0,0
BRDA:365,45,1,0
BRDA:365,45,2,0
BRDA:368,46,0,0
BRDA:368,46,1,0
BRF:99
BRH:0
end_of_record
TN:
SF:src/components/notifications/NotificationContainer.tsx
FN:4,NotificationContainer
FN:13,(anonymous_1)
FN:17,(anonymous_2)
FNF:3
FNH:0
FNDA:0,NotificationContainer
FNDA:0,(anonymous_1)
FNDA:0,(anonymous_2)
DA:5,0
DA:7,0
DA:8,0
DA:11,0
DA:14,0
DA:17,0
LF:6
LH:0
BRDA:7,0,0,0
BRDA:7,0,1,0
BRF:2
BRH:0
end_of_record
TN:
SF:src/components/notifications/NotificationLog.tsx
FN:8,NotificationLog
FN:12,(anonymous_1)
FN:13,(anonymous_2)
FN:16,(anonymous_3)
FN:21,(anonymous_4)
FN:36,(anonymous_5)
FN:46,(anonymous_6)
FN:68,(anonymous_7)
FN:105,(anonymous_8)
FNF:9
FNH:0
FNDA:0,NotificationLog
FNDA:0,(anonymous_1)
FNDA:0,(anonymous_2)
FNDA:0,(anonymous_3)
FNDA:0,(anonymous_4)
FNDA:0,(anonymous_5)
FNDA:0,(anonymous_6)
FNDA:0,(anonymous_7)
FNDA:0,(anonymous_8)
DA:9,0
DA:10,0
DA:12,0
DA:13,0
DA:16,0
DA:17,0
DA:18,0
DA:21,0
DA:22,0
DA:24,0
DA:26,0
DA:28,0
DA:30,0
DA:32,0
DA:36,0
DA:37,0
DA:43,0
DA:46,0
DA:47,0
DA:48,0
DA:49,0
DA:50,0
DA:51,0
DA:52,0
DA:54,0
DA:55,0
DA:56,0
DA:57,0
DA:60,0
DA:68,0
DA:106,0
LF:31
LH:0
BRDA:22,0,0,0
BRDA:22,0,1,0
BRDA:22,0,2,0
BRDA:22,0,3,0
BRDA:22,0,4,0
BRDA:54,1,0,0
BRDA:54,1,1,0
BRDA:54,2,0,0
BRDA:54,2,1,0
BRDA:55,3,0,0
BRDA:55,3,1,0
BRDA:55,4,0,0
BRDA:55,4,1,0
BRDA:56,5,0,0
BRDA:56,5,1,0
BRDA:56,6,0,0
BRDA:56,6,1,0
BRDA:64,7,0,0
BRDA:64,7,1,0
BRDA:70,8,0,0
BRDA:70,8,1,0
BRDA:79,9,0,0
BRDA:79,9,1,0
BRDA:98,10,0,0
BRDA:98,10,1,0
BRDA:117,11,0,0
BRDA:117,11,1,0
BRDA:126,12,0,0
BRDA:126,12,1,0
BRDA:136,13,0,0
BRDA:136,13,1,0
BRF:31
BRH:0
end_of_record
TN:
SF:src/components/notifications/Toast.tsx
FN:9,Toast
FN:13,(anonymous_1)
FN:15,(anonymous_2)
FN:18,(anonymous_3)
FN:20,(anonymous_4)
FN:25,(anonymous_5)
FN:40,(anonymous_6)
FN:71,(anonymous_7)
FNF:8
FNH:0
FNDA:0,Toast
FNDA:0,(anonymous_1)
FNDA:0,(anonymous_2)
FNDA:0,(anonymous_3)
FNDA:0,(anonymous_4)
FNDA:0,(anonymous_5)
FNDA:0,(anonymous_6)
FNDA:0,(anonymous_7)
DA:10,0
DA:11,0
DA:13,0
DA:15,0
DA:18,0
DA:19,0
DA:20,0
DA:21,0
DA:25,0
DA:26,0
DA:28,0
DA:30,0
DA:32,0
DA:34,0
DA:36,0
DA:40,0
DA:41,0
DA:42,0
DA:49,0
DA:55,0
DA:58,0
DA:72,0
DA:73,0
LF:23
LH:0
BRDA:26,0,0,0
BRDA:26,0,1,0
BRDA:26,0,2,0
BRDA:26,0,3,0
BRDA:26,0,4,0
BRDA:49,1,0,0
BRDA:49,1,1,0
BRDA:51,2,0,0
BRDA:51,2,1,0
BRDA:65,3,0,0
BRDA:65,3,1,0
BRDA:69,4,0,0
BRDA:69,4,1,0
BRF:13
BRH:0
end_of_record
TN:
SF:src/components/server/AgreementDialog.tsx
FN:9,AgreementDialog
FN:15,(anonymous_1)
FN:52,(anonymous_2)
FNF:3
FNH:0
FNDA:0,AgreementDialog
FNDA:0,(anonymous_1)
FNDA:0,(anonymous_2)
DA:10,0
DA:11,0
DA:12,0
DA:13,0
DA:15,0
DA:16,0
DA:17,0
DA:18,0
DA:22,0
DA:52,0
LF:10
LH:0
BRDA:16,0,0,0
BRDA:16,0,1,0
BRDA:40,1,0,0
BRDA:40,1,1,0
BRDA:40,2,0,0
BRDA:40,2,1,0
BRDA:49,3,0,0
BRDA:49,3,1,0
BRDA:49,3,2,0
BRF:9
BRH:0
end_of_record
TN:
SF:src/components/server/MobileTabBar.tsx
FN:22,MobileTabBar
FN:37,(anonymous_1)
FN:40,(anonymous_2)
FN:56,(anonymous_3)
FN:65,(anonymous_4)
FN:88,(anonymous_5)
FNF:6
FNH:0
FNDA:0,MobileTabBar
FNDA:0,(anonymous_1)
FNDA:0,(anonymous_2)
FNDA:0,(anonymous_3)
FNDA:0,(anonymous_4)
FNDA:0,(anonymous_5)
DA:15,0
DA:31,0
DA:33,0
DA:38,0
DA:41,0
DA:42,0
DA:57,0
DA:65,0
DA:89,0
DA:90,0
LF:10
LH:0
BRDA:45,0,0,0
BRDA:45,0,1,0
BRDA:45,1,0,0
BRDA:45,1,1,0
BRDA:47,2,0,0
BRDA:47,2,1,0
BRDA:47,3,0,0
BRDA:47,3,1,0
BRDA:67,4,0,0
BRDA:67,4,1,0
BRDA:75,5,0,0
BRDA:75,5,1,0
BRDA:84,6,0,0
BRDA:84,6,1,0
BRF:14
BRH:0
end_of_record
TN:
SF:src/components/server/ServerBanner.tsx
FN:8,ServerBanner
FN:19,(anonymous_1)
FN:20,(anonymous_2)
FNF:3
FNH:0
FNDA:0,ServerBanner
FNDA:0,(anonymous_1)
FNDA:0,(anonymous_2)
DA:9,0
DA:11,0
DA:19,0
DA:21,0
LF:4
LH:0
BRDA:13,0,0,0
BRDA:13,0,1,0
BRDA:18,1,0,0
BRDA:18,1,1,0
BRF:4
BRH:0
end_of_record
TN:
SF:src/components/server/ServerHeader.tsx
FN:15,ServerHeader
FNF:1
FNH:0
FNDA:0,ServerHeader
DA:25,0
LF:1
LH:0
BRDA:30,0,0,0
BRDA:30,0,1,0
BRDA:32,1,0,0
BRDA:32,1,1,0
BRDA:42,2,0,0
BRDA:42,2,1,0
BRDA:43,3,0,0
BRDA:43,3,1,0
BRDA:43,4,0,0
BRDA:43,4,1,0
BRDA:44,5,0,0
BRDA:44,5,1,0
BRDA:45,6,0,0
BRDA:45,6,1,0
BRDA:48,7,0,0
BRDA:48,7,1,0
BRDA:56,8,0,0
BRDA:56,8,1,0
BRDA:57,9,0,0
BRDA:57,9,1,0
BRDA:58,10,0,0
BRDA:58,10,1,0
BRDA:59,11,0,0
BRDA:59,11,1,0
BRDA:60,12,0,0
BRDA:60,12,1,0
BRDA:64,13,0,0
BRDA:64,13,1,0
BRDA:67,14,0,0
BRDA:67,14,1,0
BRDA:70,15,0,0
BRDA:70,15,1,0
BRDA:79,16,0,0
BRDA:79,16,1,0
BRF:34
BRH:0
end_of_record
TN:
SF:src/components/server/ServerSidebar.tsx
FN:14,ServerSidebar
FN:28,(anonymous_1)
FN:40,(anonymous_2)
FN:48,(anonymous_3)
FN:60,(anonymous_4)
FN:68,(anonymous_5)
FN:80,(anonymous_6)
FN:88,(anonymous_7)
FN:100,(anonymous_8)
FNF:9
FNH:0
FNDA:0,ServerSidebar
FNDA:0,(anonymous_1)
FNDA:0,(anonymous_2)
FNDA:0,(anonymous_3)
FNDA:0,(anonymous_4)
FNDA:0,(anonymous_5)
FNDA:0,(anonymous_6)
FNDA:0,(anonymous_7)
FNDA:0,(anonymous_8)
DA:23,0
DA:28,0
DA:41,0
DA:42,0
DA:48,0
DA:61,0
DA:62,0
DA:68,0
DA:81,0
DA:82,0
DA:88,0
DA:101,0
DA:102,0
LF:13
LH:0
BRDA:30,0,0,0
BRDA:30,0,1,0
BRDA:50,1,0,0
BRDA:50,1,1,0
BRDA:70,2,0,0
BRDA:70,2,1,0
BRDA:90,3,0,0
BRDA:90,3,1,0
BRF:8
BRH:0
end_of_record
TN:
SF:src/components/server/ServerWindow.tsx
FN:33,ServerWindow
FN:77,(anonymous_1)
FN:86,(anonymous_2)
FN:89,(anonymous_3)
FN:90,(anonymous_4)
FN:97,(anonymous_5)
FN:98,(anonymous_6)
FN:115,(anonymous_7)
FN:118,(anonymous_8)
FN:124,(anonymous_9)
FN:126,(anonymous_10)
FN:126,(anonymous_11)
FN:131,(anonymous_12)
FN:144,(anonymous_13)
FN:167,(anonymous_14)
FN:168,(anonymous_15)
FN:170,(anonymous_16)
FN:183,(anonymous_17)
FN:192,(anonymous_18)
FN:195,(anonymous_19)
FN:201,(anonymous_20)
FN:245,(anonymous_21)
FN:252,(anonymous_22)
FN:259,(anonymous_23)
FN:266,(anonymous_24)
FN:272,(anonymous_25)
FN:284,(anonymous_26)
FN:288,(anonymous_27)
FN:297,(anonymous_28)
FN:314,(anonymous_29)
FN:324,(anonymous_30)
FN:334,(anonymous_31)
FN:335,(anonymous_32)
FN:341,(anonymous_33)
FN:346,(anonymous_34)
FN:348,(anonymous_35)
FN:353,(anonymous_36)
FN:362,(anonymous_37)
FN:365,(anonymous_38)
FN:369,(anonymous_39)
FN:405,(anonymous_40)
FN:411,(anonymous_41)
FN:413,(anonymous_42)
FN:429,(anonymous_43)
FN:434,(anonymous_44)
FN:442,(anonymous_45)
FN:446,(anonymous_46)
FN:450,(anonymous_47)
FN:459,(anonymous_48)
FN:463,(anonymous_49)
FN:482,(anonymous_50)
FN:487,(anonymous_51)
FN:543,(anonymous_52)
FN:551,(anonymous_53)
FN:563,(anonymous_54)
FN:575,(anonymous_55)
FN:586,(anonymous_56)
FN:603,(anonymous_57)
FN:617,(anonymous_58)
FN:623,(anonymous_59)
FN:629,(anonymous_60)
FN:633,(anonymous_61)
FN:637,(anonymous_62)
FN:641,(anonymous_63)
FN:646,(anonymous_64)
FN:655,(anonymous_65)
FN:699,(anonymous_66)
FN:700,(anonymous_67)
FN:746,(anonymous_68)
FN:748,(anonymous_69)
FN:755,(anonymous_70)
FN:757,(anonymous_71)
FN:836,(anonymous_72)
FN:837,(anonymous_73)
FN:857,(anonymous_74)
FN:873,(anonymous_75)
FN:880,(anonymous_76)
FN:884,(anonymous_77)
FN:892,(anonymous_78)
FN:910,(anonymous_79)
FN:923,(anonymous_80)
FN:932,(anonymous_81)
FN:938,(anonymous_82)
FNF:83
FNH:0
FNDA:0,ServerWindow
FNDA:0,(anonymous_1)
FNDA:0,(anonymous_2)
FNDA:0,(anonymous_3)
FNDA:0,(anonymous_4)
FNDA:0,(anonymous_5)
FNDA:0,(anonymous_6)
FNDA:0,(anonymous_7)
FNDA:0,(anonymous_8)
FNDA:0,(anonymous_9)
FNDA:0,(anonymous_10)
FNDA:0,(anonymous_11)
FNDA:0,(anonymous_12)
FNDA:0,(anonymous_13)
FNDA:0,(anonymous_14)
FNDA:0,(anonymous_15)
FNDA:0,(anonymous_16)
FNDA:0,(anonymous_17)
FNDA:0,(anonymous_18)
FNDA:0,(anonymous_19)
FNDA:0,(anonymous_20)
FNDA:0,(anonymous_21)
FNDA:0,(anonymous_22)
FNDA:0,(anonymous_23)
FNDA:0,(anonymous_24)
FNDA:0,(anonymous_25)
FNDA:0,(anonymous_26)
FNDA:0,(anonymous_27)
FNDA:0,(anonymous_28)
FNDA:0,(anonymous_29)
FNDA:0,(anonymous_30)
FNDA:0,(anonymous_31)
FNDA:0,(anonymous_32)
FNDA:0,(anonymous_33)
FNDA:0,(anonymous_34)
FNDA:0,(anonymous_35)
FNDA:0,(anonymous_36)
FNDA:0,(anonymous_37)
FNDA:0,(anonymous_38)
FNDA:0,(anonymous_39)
FNDA:0,(anonymous_40)
FNDA:0,(anonymous_41)
FNDA:0,(anonymous_42)
FNDA:0,(anonymous_43)
FNDA:0,(anonymous_44)
FNDA:0,(anonymous_45)
FNDA:0,(anonymous_46)
FNDA:0,(anonymous_47)
FNDA:0,(anonymous_48)
FNDA:0,(anonymous_49)
FNDA:0,(anonymous_50)
FNDA:0,(anonymous_51)
FNDA:0,(anonymous_52)
FNDA:0,(anonymous_53)
FNDA:0,(anonymous_54)
FNDA:0,(anonymous_55)
FNDA:0,(anonymous_56)
FNDA:0,(anonymous_57)
FNDA:0,(anonymous_58)
FNDA:0,(anonymous_59)
FNDA:0,(anonymous_60)
FNDA:0,(anonymous_61)
FNDA:0,(anonymous_62)
FNDA:0,(anonymous_63)
FNDA:0,(anonymous_64)
FNDA:0,(anonymous_65)
FNDA:0,(anonymous_66)
FNDA:0,(anonymous_67)
FNDA:0,(anonymous_68)
FNDA:0,(anonymous_69)
FNDA:0,(anonymous_70)
FNDA:0,(anonymous_71)
FNDA:0,(anonymous_72)
FNDA:0,(anonymous_73)
FNDA:0,(anonymous_74)
FNDA:0,(anonymous_75)
FNDA:0,(anonymous_76)
FNDA:0,(anonymous_77)
FNDA:0,(anonymous_78)
FNDA:0,(anonymous_79)
FNDA:0,(anonymous_80)
FNDA:0,(anonymous_81)
FNDA:0,(anonymous_82)
DA:34,0
DA:35,0
DA:36,0
DA:37,0
DA:38,0
DA:39,0
DA:40,0
DA:41,0
DA:42,0
DA:43,0
DA:44,0
DA:45,0
DA:46,0
DA:47,0
DA:48,0
DA:49,0
DA:50,0
DA:51,0
DA:52,0
DA:53,0
DA:54,0
DA:55,0
DA:56,0
DA:57,0
DA:58,0
DA:59,0
DA:60,0
DA:61,0
DA:62,0
DA:63,0
DA:64,0
DA:65,0
DA:66,0
DA:67,0
DA:68,0
DA:69,0
DA:70,0
DA:71,0
DA:72,0
DA:73,0
DA:74,0
DA:77,0
DA:78,0
DA:79,0
DA:81,0
DA:86,0
DA:87,0
DA:89,0
DA:90,0
DA:92,0
DA:97,0
DA:98,0
DA:99,0
DA:100,0
DA:101,0
DA:102,0
DA:103,0
DA:105,0
DA:108,0
DA:111,0
DA:115,0
DA:116,0
DA:118,0
DA:119,0
DA:120,0
DA:121,0
DA:124,0
DA:125,0
DA:126,0
DA:131,0
DA:134,0
DA:136,0
DA:137,0
DA:138,0
DA:143,0
DA:144,0
DA:145,0
DA:146,0
DA:147,0
DA:150,0
DA:151,0
DA:156,0
DA:157,0
DA:158,0
DA:161,0
DA:163,0
DA:165,0
DA:167,0
DA:168,0
DA:170,0
DA:171,0
DA:172,0
DA:173,0
DA:174,0
DA:177,0
DA:183,0
DA:184,0
DA:185,0
DA:186,0
DA:187,0
DA:188,0
DA:192,0
DA:193,0
DA:195,0
DA:196,0
DA:197,0
DA:201,0
DA:202,0
DA:203,0
DA:204,0
DA:205,0
DA:206,0
DA:207,0
DA:208,0
DA:211,0
DA:212,0
DA:213,0
DA:217,0
DA:240,0
DA:245,0
DA:252,0
DA:259,0
DA:266,0
DA:273,0
DA:274,0
DA:276,0
DA:277,0
DA:284,0
DA:285,0
DA:288,0
DA:289,0
DA:291,0
DA:294,0
DA:295,0
DA:297,0
DA:298,0
DA:299,0
DA:303,0
DA:304,0
DA:305,0
DA:310,0
DA:315,0
DA:316,0
DA:317,0
DA:318,0
DA:319,0
DA:324,0
DA:325,0
DA:326,0
DA:327,0
DA:334,0
DA:335,0
DA:336,0
DA:341,0
DA:342,0
DA:343,0
DA:344,0
DA:347,0
DA:348,0
DA:349,0
DA:351,0
DA:352,0
DA:354,0
DA:355,0
DA:362,0
DA:363,0
DA:365,0
DA:366,0
DA:367,0
DA:369,0
DA:370,0
DA:371,0
DA:372,0
DA:375,0
DA:376,0
DA:377,0
DA:379,0
DA:380,0
DA:381,0
DA:384,0
DA:385,0
DA:387,0
DA:388,0
DA:389,0
DA:392,0
DA:398,0
DA:399,0
DA:400,0
DA:402,0
DA:405,0
DA:406,0
DA:411,0
DA:412,0
DA:413,0
DA:414,0
DA:415,0
DA:416,0
DA:417,0
DA:419,0
DA:421,0
DA:424,0
DA:429,0
DA:431,0
DA:434,0
DA:435,0
DA:436,0
DA:438,0
DA:443,0
DA:451,0
DA:458,0
DA:459,0
DA:460,0
DA:464,0
DA:465,0
DA:466,0
DA:472,0
DA:479,0
DA:482,0
DA:483,0
DA:484,0
DA:487,0
DA:488,0
DA:489,0
DA:490,0
DA:493,0
DA:510,0
DA:535,0
DA:536,0
DA:537,0
DA:538,0
DA:539,0
DA:540,0
DA:541,0
DA:543,0
DA:544,0
DA:545,0
DA:547,0
DA:551,0
DA:552,0
DA:553,0
DA:555,0
DA:556,0
DA:558,0
DA:559,0
DA:563,0
DA:564,0
DA:565,0
DA:567,0
DA:568,0
DA:570,0
DA:571,0
DA:575,0
DA:576,0
DA:577,0
DA:578,0
DA:579,0
DA:581,0
DA:582,0
DA:586,0
DA:587,0
DA:588,0
DA:590,0
DA:591,0
DA:592,0
DA:594,0
DA:595,0
DA:598,0
DA:599,0
DA:603,0
DA:604,0
DA:605,0
DA:606,0
DA:607,0
DA:608,0
DA:609,0
DA:611,0
DA:612,0
DA:617,0
DA:618,0
DA:619,0
DA:620,0
DA:623,0
DA:624,0
DA:625,0
DA:626,0
DA:629,0
DA:630,0
DA:633,0
DA:634,0
DA:637,0
DA:638,0
DA:641,0
DA:642,0
DA:646,0
DA:647,0
DA:648,0
DA:649,0
DA:650,0
DA:655,0
DA:656,0
DA:657,0
DA:659,0
DA:663,0
DA:664,0
DA:667,0
DA:671,0
DA:672,0
DA:675,0
DA:676,0
DA:677,0
DA:679,0
DA:683,0
DA:688,0
DA:699,0
DA:700,0
DA:747,0
DA:748,0
DA:756,0
DA:757,0
DA:836,0
DA:837,0
DA:858,0
DA:859,0
DA:860,0
DA:861,0
DA:862,0
DA:863,0
DA:875,0
DA:877,0
DA:881,0
DA:886,0
DA:887,0
DA:889,0
DA:890,0
DA:892,0
DA:893,0
DA:894,0
DA:897,0
DA:910,0
DA:923,0
DA:932,0
DA:938,0
LF:342
LH:0
BRDA:35,0,0,0
BRDA:35,0,1,0
BRDA:78,1,0,0
BRDA:78,1,1,0
BRDA:87,2,0,0
BRDA:87,2,1,0
BRDA:101,3,0,0
BRDA:101,3,1,0
BRDA:119,4,0,0
BRDA:119,4,1,0
BRDA:145,5,0,0
BRDA:145,5,1,0
BRDA:145,6,0,0
BRDA:145,6,1,0
BRDA:145,6,2,0
BRDA:145,6,3,0
BRDA:150,7,0,0
BRDA:150,7,1,0
BRDA:168,8,0,0
BRDA:168,8,1,0
BRDA:171,9,0,0
BRDA:171,9,1,0
BRDA:172,10,0,0
BRDA:172,10,1,0
BRDA:184,11,0,0
BRDA:184,11,1,0
BRDA:206,12,0,0
BRDA:206,12,1,0
BRDA:273,13,0,0
BRDA:273,13,1,0
BRDA:276,14,0,0
BRDA:276,14,1,0
BRDA:289,15,0,0
BRDA:289,15,1,0
BRDA:294,16,0,0
BRDA:294,16,1,0
BRDA:304,17,0,0
BRDA:304,17,1,0
BRDA:317,18,0,0
BRDA:317,18,1,0
BRDA:325,19,0,0
BRDA:325,19,1,0
BRDA:342,20,0,0
BRDA:342,20,1,0
BRDA:342,21,0,0
BRDA:342,21,1,0
BRDA:342,21,2,0
BRDA:370,22,0,0
BRDA:370,22,1,0
BRDA:379,23,0,0
BRDA:379,23,1,0
BRDA:387,24,0,0
BRDA:387,24,1,0
BRDA:398,25,0,0
BRDA:398,25,1,0
BRDA:398,26,0,0
BRDA:398,26,1,0
BRDA:412,27,0,0
BRDA:412,27,1,0
BRDA:412,28,0,0
BRDA:412,28,1,0
BRDA:419,29,0,0
BRDA:419,29,1,0
BRDA:458,30,0,0
BRDA:458,30,1,0
BRDA:464,31,0,0
BRDA:464,31,1,0
BRDA:483,32,0,0
BRDA:483,32,1,0
BRDA:590,33,0,0
BRDA:590,33,1,0
BRDA:619,34,0,0
BRDA:619,34,1,0
BRDA:619,35,0,0
BRDA:619,35,1,0
BRDA:625,36,0,0
BRDA:625,36,1,0
BRDA:625,37,0,0
BRDA:625,37,1,0
BRDA:642,38,0,0
BRDA:642,38,1,0
BRDA:647,39,0,0
BRDA:647,39,1,0
BRDA:657,40,0,0
BRDA:657,40,1,0
BRDA:690,41,0,0
BRDA:690,41,1,0
BRDA:715,42,0,0
BRDA:715,42,1,0
BRDA:718,43,0,0
BRDA:718,43,1,0
BRDA:718,44,0,0
BRDA:718,44,1,0
BRDA:723,45,0,0
BRDA:723,45,1,0
BRDA:723,46,0,0
BRDA:723,46,1,0
BRDA:727,47,0,0
BRDA:727,47,1,0
BRDA:785,48,0,0
BRDA:785,48,1,0
BRDA:803,49,0,0
BRDA:803,49,1,0
BRDA:815,50,0,0
BRDA:815,50,1,0
BRDA:849,51,0,0
BRDA:849,51,1,0
BRDA:858,52,0,0
BRDA:858,52,1,0
BRDA:887,53,0,0
BRDA:887,53,1,0
BRDA:892,54,0,0
BRDA:892,54,1,0
BRDA:892,55,0,0
BRDA:892,55,1,0
BRDA:907,56,0,0
BRDA:907,56,1,0
BRDA:917,57,0,0
BRDA:917,57,1,0
BRDA:921,58,0,0
BRDA:921,58,1,0
BRDA:928,59,0,0
BRDA:928,59,1,0
BRDA:937,60,0,0
BRDA:937,60,1,0
BRF:125
BRH:0
end_of_record
TN:
SF:src/components/server/serverTypes.ts
FNF:0
FNH:0
LF:0
LH:0
BRF:0
BRH:0
end_of_record
TN:
SF:src/components/server/serverUtils.ts
FN:7,parseUserFlags
FNF:1
FNH:0
FNDA:0,parseUserFlags
DA:4,0
DA:5,0
DA:8,0
LF:3
LH:0
BRF:0
BRH:0
end_of_record
TN:
SF:src/components/server/hooks/useServerEvents.ts
FN:33,useServerEvents
FN:61,(anonymous_1)
FN:63,(anonymous_2)
FN:68,(anonymous_3)
FN:70,(anonymous_4)
FN:77,(anonymous_5)
FN:82,(anonymous_6)
FN:85,(anonymous_7)
FN:90,(anonymous_8)
FN:94,(anonymous_9)
FN:109,(anonymous_10)
FN:143,(anonymous_11)
FN:145,(anonymous_12)
FN:145,(anonymous_13)
FN:150,(anonymous_14)
FN:153,(anonymous_15)
FN:157,(anonymous_16)
FN:169,(anonymous_17)
FN:171,(anonymous_18)
FN:171,(anonymous_19)
FN:176,(anonymous_20)
FN:177,(anonymous_21)
FN:181,(anonymous_22)
FN:193,(anonymous_23)
FN:194,(anonymous_24)
FN:194,(anonymous_25)
FN:199,(anonymous_26)
FN:200,(anonymous_27)
FN:201,(anonymous_28)
FN:204,(anonymous_29)
FN:205,(anonymous_30)
FN:205,(anonymous_31)
FN:214,(anonymous_32)
FN:219,(anonymous_33)
FN:224,(anonymous_34)
FN:236,(anonymous_35)
FN:238,(anonymous_36)
FN:261,(anonymous_37)
FN:266,(anonymous_38)
FN:276,(anonymous_39)
FN:277,(anonymous_40)
FN:283,(anonymous_41)
FN:297,(anonymous_42)
FN:304,(anonymous_43)
FN:305,(anonymous_44)
FN:309,(anonymous_45)
FN:336,(anonymous_46)
FN:355,(anonymous_47)
FN:357,(anonymous_48)
FN:357,(anonymous_49)
FN:358,(anonymous_50)
FN:358,(anonymous_51)
FN:359,(anonymous_52)
FN:359,(anonymous_53)
FN:364,(anonymous_54)
FN:373,(anonymous_55)
FN:381,(anonymous_56)
FN:387,(anonymous_57)
FN:388,(anonymous_58)
FN:407,(anonymous_59)
FN:421,(anonymous_60)
FN:434,(anonymous_61)
FN:436,(anonymous_62)
FN:436,(anonymous_63)
FN:441,(anonymous_64)
FN:444,(anonymous_65)
FN:446,(anonymous_66)
FN:450,(anonymous_67)
FN:473,(anonymous_68)
FN:474,(anonymous_69)
FN:474,(anonymous_70)
FN:479,(anonymous_71)
FN:482,(anonymous_72)
FN:484,(anonymous_73)
FN:488,(anonymous_74)
FN:511,(anonymous_75)
FN:512,(anonymous_76)
FN:512,(anonymous_77)
FN:517,(anonymous_78)
FN:520,(anonymous_79)
FN:521,(anonymous_80)
FN:547,(anonymous_81)
FN:548,(anonymous_82)
FN:574,(anonymous_83)
FN:575,(anonymous_84)
FN:602,(anonymous_85)
FN:603,(anonymous_86)
FN:628,(anonymous_87)
FN:629,(anonymous_88)
FN:629,(anonymous_89)
FN:630,(anonymous_90)
FN:630,(anonymous_91)
FN:631,(anonymous_92)
FN:631,(anonymous_93)
FN:632,(anonymous_94)
FN:632,(anonymous_95)
FN:637,(anonymous_96)
FN:640,(anonymous_97)
FN:649,(anonymous_98)
FN:650,(anonymous_99)
FN:650,(anonymous_100)
FN:655,(anonymous_101)
FN:656,(anonymous_102)
FN:662,(anonymous_103)
FN:663,(anonymous_104)
FN:663,(anonymous_105)
FNF:106
FNH:0
FNDA:0,useServerEvents
FNDA:0,(anonymous_1)
FNDA:0,(anonymous_2)
FNDA:0,(anonymous_3)
FNDA:0,(anonymous_4)
FNDA:0,(anonymous_5)
FNDA:0,(anonymous_6)
FNDA:0,(anonymous_7)
FNDA:0,(anonymous_8)
FNDA:0,(anonymous_9)
FNDA:0,(anonymous_10)
FNDA:0,(anonymous_11)
FNDA:0,(anonymous_12)
FNDA:0,(anonymous_13)
FNDA:0,(anonymous_14)
FNDA:0,(anonymous_15)
FNDA:0,(anonymous_16)
FNDA:0,(anonymous_17)
FNDA:0,(anonymous_18)
FNDA:0,(anonymous_19)
FNDA:0,(anonymous_20)
FNDA:0,(anonymous_21)
FNDA:0,(anonymous_22)
FNDA:0,(anonymous_23)
FNDA:0,(anonymous_24)
FNDA:0,(anonymous_25)
FNDA:0,(anonymous_26)
FNDA:0,(anonymous_27)
FNDA:0,(anonymous_28)
FNDA:0,(anonymous_29)
FNDA:0,(anonymous_30)
FNDA:0,(anonymous_31)
FNDA:0,(anonymous_32)
FNDA:0,(anonymous_33)
FNDA:0,(anonymous_34)
FNDA:0,(anonymous_35)
FNDA:0,(anonymous_36)
FNDA:0,(anonymous_37)
FNDA:0,(anonymous_38)
FNDA:0,(anonymous_39)
FNDA:0,(anonymous_40)
FNDA:0,(anonymous_41)
FNDA:0,(anonymous_42)
FNDA:0,(anonymous_43)
FNDA:0,(anonymous_44)
FNDA:0,(anonymous_45)
FNDA:0,(anonymous_46)
FNDA:0,(anonymous_47)
FNDA:0,(anonymous_48)
FNDA:0,(anonymous_49)
FNDA:0,(anonymous_50)
FNDA:0,(anonymous_51)
FNDA:0,(anonymous_52)
FNDA:0,(anonymous_53)
FNDA:0,(anonymous_54)
FNDA:0,(anonymous_55)
FNDA:0,(anonymous_56)
FNDA:0,(anonymous_57)
FNDA:0,(anonymous_58)
FNDA:0,(anonymous_59)
FNDA:0,(anonymous_60)
FNDA:0,(anonymous_61)
FNDA:0,(anonymous_62)
FNDA:0,(anonymous_63)
FNDA:0,(anonymous_64)
FNDA:0,(anonymous_65)
FNDA:0,(anonymous_66)
FNDA:0,(anonymous_67)
FNDA:0,(anonymous_68)
FNDA:0,(anonymous_69)
FNDA:0,(anonymous_70)
FNDA:0,(anonymous_71)
FNDA:0,(anonymous_72)
FNDA:0,(anonymous_73)
FNDA:0,(anonymous_74)
FNDA:0,(anonymous_75)
FNDA:0,(anonymous_76)
FNDA:0,(anonymous_77)
FNDA:0,(anonymous_78)
FNDA:0,(anonymous_79)
FNDA:0,(anonymous_80)
FNDA:0,(anonymous_81)
FNDA:0,(anonymous_82)
FNDA:0,(anonymous_83)
FNDA:0,(anonymous_84)
FNDA:0,(anonymous_85)
FNDA:0,(anonymous_86)
FNDA:0,(anonymous_87)
FNDA:0,(anonymous_88)
FNDA:0,(anonymous_89)
FNDA:0,(anonymous_90)
FNDA:0,(anonymous_91)
FNDA:0,(anonymous_92)
FNDA:0,(anonymous_93)
FNDA:0,(anonymous_94)
FNDA:0,(anonymous_95)
FNDA:0,(anonymous_96)
FNDA:0,(anonymous_97)
FNDA:0,(anonymous_98)
FNDA:0,(anonymous_99)
FNDA:0,(anonymous_100)
FNDA:0,(anonymous_101)
FNDA:0,(anonymous_102)
FNDA:0,(anonymous_103)
FNDA:0,(anonymous_104)
FNDA:0,(anonymous_105)
DA:54,0
DA:55,0
DA:56,0
DA:57,0
DA:58,0
DA:61,0
DA:62,0
DA:63,0
DA:64,0
DA:68,0
DA:69,0
DA:70,0
DA:71,0
DA:72,0
DA:77,0
DA:78,0
DA:82,0
DA:83,0
DA:85,0
DA:86,0
DA:88,0
DA:89,0
DA:90,0
DA:94,0
DA:97,0
DA:102,0
DA:109,0
DA:110,0
DA:112,0
DA:115,0
DA:116,0
DA:118,0
DA:121,0
DA:122,0
DA:123,0
DA:130,0
DA:138,0
DA:139,0
DA:143,0
DA:144,0
DA:145,0
DA:150,0
DA:151,0
DA:153,0
DA:154,0
DA:156,0
DA:157,0
DA:166,0
DA:169,0
DA:170,0
DA:171,0
DA:176,0
DA:177,0
DA:178,0
DA:181,0
DA:182,0
DA:184,0
DA:185,0
DA:190,0
DA:193,0
DA:194,0
DA:199,0
DA:200,0
DA:201,0
DA:204,0
DA:205,0
DA:214,0
DA:215,0
DA:217,0
DA:220,0
DA:223,0
DA:224,0
DA:226,0
DA:228,0
DA:231,0
DA:236,0
DA:238,0
DA:239,0
DA:242,0
DA:250,0
DA:251,0
DA:259,0
DA:262,0
DA:265,0
DA:266,0
DA:268,0
DA:270,0
DA:273,0
DA:276,0
DA:277,0
DA:278,0
DA:279,0
DA:283,0
DA:291,0
DA:295,0
DA:298,0
DA:301,0
DA:302,0
DA:304,0
DA:305,0
DA:307,0
DA:309,0
DA:310,0
DA:320,0
DA:321,0
DA:324,0
DA:325,0
DA:333,0
DA:336,0
DA:345,0
DA:346,0
DA:349,0
DA:355,0
DA:356,0
DA:357,0
DA:358,0
DA:359,0
DA:364,0
DA:365,0
DA:366,0
DA:369,0
DA:371,0
DA:374,0
DA:376,0
DA:378,0
DA:381,0
DA:382,0
DA:385,0
DA:387,0
DA:388,0
DA:389,0
DA:390,0
DA:391,0
DA:393,0
DA:397,0
DA:400,0
DA:407,0
DA:408,0
DA:409,0
DA:410,0
DA:418,0
DA:421,0
DA:422,0
DA:423,0
DA:424,0
DA:428,0
DA:429,0
DA:434,0
DA:435,0
DA:436,0
DA:441,0
DA:442,0
DA:445,0
DA:446,0
DA:449,0
DA:450,0
DA:452,0
DA:453,0
DA:465,0
DA:473,0
DA:474,0
DA:479,0
DA:480,0
DA:483,0
DA:484,0
DA:487,0
DA:488,0
DA:490,0
DA:491,0
DA:503,0
DA:511,0
DA:512,0
DA:517,0
DA:518,0
DA:521,0
DA:522,0
DA:523,0
DA:524,0
DA:528,0
DA:529,0
DA:535,0
DA:541,0
DA:545,0
DA:548,0
DA:549,0
DA:550,0
DA:551,0
DA:555,0
DA:556,0
DA:562,0
DA:568,0
DA:572,0
DA:575,0
DA:576,0
DA:577,0
DA:578,0
DA:582,0
DA:583,0
DA:590,0
DA:596,0
DA:600,0
DA:603,0
DA:604,0
DA:605,0
DA:606,0
DA:610,0
DA:611,0
DA:618,0
DA:624,0
DA:628,0
DA:629,0
DA:630,0
DA:631,0
DA:632,0
DA:637,0
DA:638,0
DA:641,0
DA:642,0
DA:643,0
DA:644,0
DA:649,0
DA:650,0
DA:655,0
DA:656,0
DA:657,0
DA:658,0
DA:659,0
DA:662,0
DA:663,0
LF:229
LH:0
BRDA:63,0,0,0
BRDA:63,0,1,0
BRDA:70,1,0,0
BRDA:70,1,1,0
BRDA:71,2,0,0
BRDA:71,2,1,0
BRDA:71,3,0,0
BRDA:71,3,1,0
BRDA:86,4,0,0
BRDA:86,4,1,0
BRDA:97,5,0,0
BRDA:97,5,1,0
BRDA:97,5,2,0
BRDA:106,6,0,0
BRDA:106,6,1,0
BRDA:110,7,0,0
BRDA:110,7,1,0
BRDA:112,8,0,0
BRDA:112,8,1,0
BRDA:115,9,0,0
BRDA:115,9,1,0
BRDA:116,10,0,0
BRDA:116,10,1,0
BRDA:118,11,0,0
BRDA:118,11,1,0
BRDA:122,12,0,0
BRDA:122,12,1,0
BRDA:122,13,0,0
BRDA:122,13,1,0
BRDA:138,14,0,0
BRDA:138,14,1,0
BRDA:154,15,0,0
BRDA:154,15,1,0
BRDA:181,16,0,0
BRDA:181,16,1,0
BRDA:181,17,0,0
BRDA:181,17,1,0
BRDA:184,18,0,0
BRDA:184,18,1,0
BRDA:220,19,0,0
BRDA:220,19,1,0
BRDA:226,20,0,0
BRDA:226,20,1,0
BRDA:238,21,0,0
BRDA:238,21,1,0
BRDA:262,22,0,0
BRDA:262,22,1,0
BRDA:268,23,0,0
BRDA:268,23,1,0
BRDA:298,24,0,0
BRDA:298,24,1,0
BRDA:307,25,0,0
BRDA:307,25,1,0
BRDA:310,26,0,0
BRDA:310,26,1,0
BRDA:345,27,0,0
BRDA:345,27,1,0
BRDA:365,28,0,0
BRDA:365,28,1,0
BRDA:374,29,0,0
BRDA:374,29,1,0
BRDA:385,30,0,0
BRDA:385,30,1,0
BRDA:389,31,0,0
BRDA:389,31,1,0
BRDA:397,32,0,0
BRDA:397,32,1,0
BRDA:409,33,0,0
BRDA:409,33,1,0
BRDA:423,34,0,0
BRDA:423,34,1,0
BRDA:428,35,0,0
BRDA:428,35,1,0
BRDA:452,36,0,0
BRDA:452,36,1,0
BRDA:458,37,0,0
BRDA:458,37,1,0
BRDA:459,38,0,0
BRDA:459,38,1,0
BRDA:466,39,0,0
BRDA:466,39,1,0
BRDA:467,40,0,0
BRDA:467,40,1,0
BRDA:467,40,2,0
BRDA:490,41,0,0
BRDA:490,41,1,0
BRDA:496,42,0,0
BRDA:496,42,1,0
BRDA:497,43,0,0
BRDA:497,43,1,0
BRDA:504,44,0,0
BRDA:504,44,1,0
BRDA:505,45,0,0
BRDA:505,45,1,0
BRDA:505,45,2,0
BRDA:643,46,0,0
BRDA:643,46,1,0
BRF:97
BRH:0
end_of_record
TN:
SF:src/components/server/hooks/useServerHandlers.ts
FN:31,useServerHandlers
FN:56,(anonymous_1)
FN:84,(anonymous_2)
FN:115,(anonymous_3)
FN:117,(anonymous_4)
FN:127,(anonymous_5)
FN:150,(anonymous_6)
FN:151,(anonymous_7)
FN:170,(anonymous_8)
FN:185,(anonymous_9)
FN:188,(anonymous_10)
FN:200,(anonymous_11)
FN:223,(anonymous_12)
FN:238,(anonymous_13)
FN:246,(anonymous_14)
FN:265,(anonymous_15)
FN:280,(anonymous_16)
FN:285,(anonymous_17)
FN:294,(anonymous_18)
FN:347,(anonymous_19)
FN:353,(anonymous_20)
FN:359,(anonymous_21)
FNF:22
FNH:0
FNDA:0,useServerHandlers
FNDA:0,(anonymous_1)
FNDA:0,(anonymous_2)
FNDA:0,(anonymous_3)
FNDA:0,(anonymous_4)
FNDA:0,(anonymous_5)
FNDA:0,(anonymous_6)
FNDA:0,(anonymous_7)
FNDA:0,(anonymous_8)
FNDA:0,(anonymous_9)
FNDA:0,(anonymous_10)
FNDA:0,(anonymous_11)
FNDA:0,(anonymous_12)
FNDA:0,(anonymous_13)
FNDA:0,(anonymous_14)
FNDA:0,(anonymous_15)
FNDA:0,(anonymous_16)
FNDA:0,(anonymous_17)
FNDA:0,(anonymous_18)
FNDA:0,(anonymous_19)
FNDA:0,(anonymous_20)
FNDA:0,(anonymous_21)
DA:54,0
DA:56,0
DA:57,0
DA:58,0
DA:60,0
DA:61,0
DA:62,0
DA:63,0
DA:70,0
DA:72,0
DA:73,0
DA:80,0
DA:84,0
DA:85,0
DA:86,0
DA:88,0
DA:89,0
DA:90,0
DA:91,0
DA:96,0
DA:99,0
DA:101,0
DA:103,0
DA:104,0
DA:111,0
DA:115,0
DA:116,0
DA:117,0
DA:119,0
DA:127,0
DA:128,0
DA:129,0
DA:130,0
DA:134,0
DA:136,0
DA:141,0
DA:142,0
DA:151,0
DA:152,0
DA:158,0
DA:165,0
DA:167,0
DA:168,0
DA:170,0
DA:171,0
DA:172,0
DA:173,0
DA:176,0
DA:185,0
DA:186,0
DA:187,0
DA:188,0
DA:190,0
DA:191,0
DA:193,0
DA:200,0
DA:201,0
DA:202,0
DA:203,0
DA:206,0
DA:207,0
DA:212,0
DA:218,0
DA:220,0
DA:221,0
DA:223,0
DA:224,0
DA:225,0
DA:226,0
DA:229,0
DA:238,0
DA:239,0
DA:240,0
DA:246,0
DA:247,0
DA:248,0
DA:249,0
DA:257,0
DA:260,0
DA:261,0
DA:265,0
DA:266,0
DA:267,0
DA:268,0
DA:270,0
DA:271,0
DA:280,0
DA:281,0
DA:282,0
DA:285,0
DA:286,0
DA:287,0
DA:288,0
DA:290,0
DA:294,0
DA:302,0
DA:303,0
DA:305,0
DA:306,0
DA:307,0
DA:315,0
DA:316,0
DA:317,0
DA:319,0
DA:323,0
DA:325,0
DA:326,0
DA:327,0
DA:328,0
DA:335,0
DA:343,0
DA:347,0
DA:348,0
DA:349,0
DA:353,0
DA:354,0
DA:355,0
DA:359,0
DA:364,0
DA:365,0
DA:367,0
DA:368,0
DA:373,0
DA:375,0
DA:376,0
DA:380,0
LF:126
LH:0
BRDA:58,0,0,0
BRDA:58,0,1,0
BRDA:58,1,0,0
BRDA:58,1,1,0
BRDA:86,2,0,0
BRDA:86,2,1,0
BRDA:86,3,0,0
BRDA:86,3,1,0
BRDA:124,4,0,0
BRDA:124,4,1,0
BRDA:136,5,0,0
BRDA:136,5,1,0
BRDA:136,5,2,0
BRDA:136,5,3,0
BRDA:141,6,0,0
BRDA:141,6,1,0
BRDA:248,7,0,0
BRDA:248,7,1,0
BRDA:300,8,0,0
BRDA:303,9,0,0
BRDA:303,9,1,0
BRDA:303,10,0,0
BRDA:303,10,1,0
BRDA:303,10,2,0
BRDA:327,11,0,0
BRDA:327,11,1,0
BRDA:327,12,0,0
BRDA:327,12,1,0
BRDA:348,13,0,0
BRDA:348,13,1,0
BRDA:348,14,0,0
BRDA:348,14,1,0
BRDA:354,15,0,0
BRDA:354,15,1,0
BRF:34
BRH:0
end_of_record
TN:
SF:src/components/settings/AboutSettingsTab.tsx
FN:5,AboutSettingsTab
FN:8,(anonymous_1)
FN:9,(anonymous_2)
FN:22,(anonymous_3)
FN:31,(anonymous_4)
FN:69,(anonymous_5)
FN:87,(anonymous_6)
FN:99,(anonymous_7)
FNF:8
FNH:0
FNDA:0,AboutSettingsTab
FNDA:0,(anonymous_1)
FNDA:0,(anonymous_2)
FNDA:0,(anonymous_3)
FNDA:0,(anonymous_4)
FNDA:0,(anonymous_5)
FNDA:0,(anonymous_6)
FNDA:0,(anonymous_7)
DA:6,0
DA:8,0
DA:9,0
DA:10,0
DA:14,0
DA:24,0
DA:25,0
DA:26,0
DA:27,0
DA:28,0
DA:32,0
DA:69,0
DA:87,0
DA:99,0
LF:14
LH:0
BRDA:27,0,0,0
BRDA:27,0,1,0
BRF:2
BRH:0
end_of_record
TN:
SF:src/components/settings/GeneralSettingsTab.tsx
FN:9,GeneralSettingsTab
FN:18,(anonymous_1)
FN:22,(anonymous_2)
FN:32,(anonymous_3)
FN:43,(anonymous_4)
FN:69,(anonymous_5)
FN:71,(anonymous_6)
FN:98,(anonymous_7)
FN:117,(anonymous_8)
FN:136,(anonymous_9)
FN:155,(anonymous_10)
FN:172,(anonymous_11)
FN:192,(anonymous_12)
FN:211,(anonymous_13)
FN:226,(anonymous_14)
FN:230,(anonymous_15)
FN:243,(anonymous_16)
FN:244,(anonymous_17)
FN:254,(anonymous_18)
FN:272,(anonymous_19)
FN:276,(anonymous_20)
FN:289,(anonymous_21)
FN:290,(anonymous_22)
FN:300,(anonymous_23)
FN:320,(anonymous_24)
FN:334,(anonymous_25)
FN:348,(anonymous_26)
FN:376,(anonymous_27)
FNF:28
FNH:0
FNDA:0,GeneralSettingsTab
FNDA:0,(anonymous_1)
FNDA:0,(anonymous_2)
FNDA:0,(anonymous_3)
FNDA:0,(anonymous_4)
FNDA:0,(anonymous_5)
FNDA:0,(anonymous_6)
FNDA:0,(anonymous_7)
FNDA:0,(anonymous_8)
FNDA:0,(anonymous_9)
FNDA:0,(anonymous_10)
FNDA:0,(anonymous_11)
FNDA:0,(anonymous_12)
FNDA:0,(anonymous_13)
FNDA:0,(anonymous_14)
FNDA:0,(anonymous_15)
FNDA:0,(anonymous_16)
FNDA:0,(anonymous_17)
FNDA:0,(anonymous_18)
FNDA:0,(anonymous_19)
FNDA:0,(anonymous_20)
FNDA:0,(anonymous_21)
FNDA:0,(anonymous_22)
FNDA:0,(anonymous_23)
FNDA:0,(anonymous_24)
FNDA:0,(anonymous_25)
FNDA:0,(anonymous_26)
FNDA:0,(anonymous_27)
DA:10,0
DA:11,0
DA:12,0
DA:13,0
DA:14,0
DA:15,0
DA:16,0
DA:18,0
DA:19,0
DA:22,0
DA:23,0
DA:24,0
DA:25,0
DA:26,0
DA:32,0
DA:33,0
DA:34,0
DA:35,0
DA:36,0
DA:39,0
DA:43,0
DA:44,0
DA:45,0
DA:46,0
DA:47,0
DA:48,0
DA:50,0
DA:51,0
DA:56,0
DA:60,0
DA:69,0
DA:72,0
DA:73,0
DA:74,0
DA:98,0
DA:117,0
DA:136,0
DA:155,0
DA:172,0
DA:192,0
DA:211,0
DA:227,0
DA:230,0
DA:243,0
DA:245,0
DA:246,0
DA:247,0
DA:254,0
DA:273,0
DA:276,0
DA:289,0
DA:291,0
DA:292,0
DA:293,0
DA:300,0
DA:320,0
DA:334,0
DA:348,0
DA:376,0
LF:59
LH:0
BRDA:23,0,0,0
BRDA:23,0,1,0
BRDA:35,1,0,0
BRDA:35,1,1,0
BRDA:52,2,0,0
BRDA:52,2,1,0
BRDA:72,3,0,0
BRDA:72,3,1,0
BRDA:159,4,0,0
BRDA:159,4,1,0
BRDA:224,5,0,0
BRDA:224,5,1,0
BRDA:245,6,0,0
BRDA:245,6,1,0
BRDA:245,7,0,0
BRDA:245,7,1,0
BRDA:254,8,0,0
BRDA:254,8,1,0
BRDA:270,9,0,0
BRDA:270,9,1,0
BRDA:291,10,0,0
BRDA:291,10,1,0
BRDA:291,11,0,0
BRDA:291,11,1,0
BRDA:300,12,0,0
BRDA:300,12,1,0
BRDA:359,13,0,0
BRDA:359,13,1,0
BRDA:365,14,0,0
BRDA:365,14,1,0
BRDA:374,15,0,0
BRDA:374,15,1,0
BRDA:398,16,0,0
BRDA:398,16,1,0
BRF:34
BRH:0
end_of_record
TN:
SF:src/components/settings/IconSettingsTab.tsx
FN:117,IconSettingsTab
FN:122,(anonymous_1)
FN:138,(anonymous_2)
FN:146,(anonymous_3)
FN:147,(anonymous_4)
FN:148,(anonymous_5)
FNF:6
FNH:0
FNDA:0,IconSettingsTab
FNDA:0,(anonymous_1)
FNDA:0,(anonymous_2)
FNDA:0,(anonymous_3)
FNDA:0,(anonymous_4)
FNDA:0,(anonymous_5)
DA:6,0
DA:118,0
DA:119,0
DA:120,0
DA:122,0
DA:124,0
DA:125,0
DA:129,0
DA:139,0
DA:140,0
DA:142,0
DA:146,0
DA:147,0
DA:148,0
LF:14
LH:0
BRDA:124,0,0,0
BRDA:124,0,1,0
BRDA:145,1,0,0
BRDA:145,1,1,0
BRDA:151,2,0,0
BRDA:151,2,1,0
BRDA:153,3,0,0
BRDA:153,3,1,0
BRF:8
BRH:0
end_of_record
TN:
SF:src/components/settings/KeyboardShortcutsTab.tsx
FN:101,KeyboardShortcutsTab
FN:102,(anonymous_1)
FN:112,(anonymous_2)
FN:119,(anonymous_3)
FN:120,(anonymous_4)
FNF:5
FNH:0
FNDA:0,KeyboardShortcutsTab
FNDA:0,(anonymous_1)
FNDA:0,(anonymous_2)
FNDA:0,(anonymous_3)
FNDA:0,(anonymous_4)
DA:15,0
DA:102,0
DA:104,0
DA:113,0
DA:119,0
DA:121,0
LF:6
LH:0
BRF:0
BRH:0
end_of_record
TN:
SF:src/components/settings/SettingsView.tsx
FN:16,SettingsView
FN:21,(anonymous_1)
FN:22,(anonymous_2)
FN:25,(anonymous_3)
FN:38,(anonymous_4)
FN:59,(anonymous_5)
FN:69,(anonymous_6)
FN:79,(anonymous_7)
FN:90,(anonymous_8)
FN:101,(anonymous_9)
FN:111,(anonymous_10)
FNF:11
FNH:0
FNDA:0,SettingsView
FNDA:0,(anonymous_1)
FNDA:0,(anonymous_2)
FNDA:0,(anonymous_3)
FNDA:0,(anonymous_4)
FNDA:0,(anonymous_5)
FNDA:0,(anonymous_6)
FNDA:0,(anonymous_7)
FNDA:0,(anonymous_8)
FNDA:0,(anonymous_9)
FNDA:0,(anonymous_10)
DA:17,0
DA:18,0
DA:19,0
DA:21,0
DA:22,0
DA:25,0
DA:26,0
DA:27,0
DA:30,0
DA:38,0
DA:59,0
DA:69,0
DA:79,0
DA:90,0
DA:101,0
DA:111,0
LF:16
LH:0
BRDA:34,0,0,0
BRDA:34,0,1,0
BRDA:40,1,0,0
BRDA:40,1,1,0
BRDA:61,2,0,0
BRDA:61,2,1,0
BRDA:71,3,0,0
BRDA:71,3,1,0
BRDA:81,4,0,0
BRDA:81,4,1,0
BRDA:88,5,0,0
BRDA:88,5,1,0
BRDA:92,6,0,0
BRDA:92,6,1,0
BRDA:103,7,0,0
BRDA:103,7,1,0
BRDA:113,8,0,0
BRDA:113,8,1,0
BRDA:124,9,0,0
BRDA:124,9,1,0
BRDA:125,10,0,0
BRDA:125,10,1,0
BRDA:126,11,0,0
BRDA:126,11,1,0
BRDA:127,12,0,0
BRDA:127,12,1,0
BRDA:128,13,0,0
BRDA:128,13,1,0
BRDA:129,14,0,0
BRDA:129,14,1,0
BRF:30
BRH:0
end_of_record
TN:
SF:src/components/settings/SoundSettingsTab.tsx
FN:3,SoundSettingsTab
FN:34,(anonymous_1)
FN:55,(anonymous_2)
FN:68,(anonymous_3)
FN:81,(anonymous_4)
FN:94,(anonymous_5)
FN:107,(anonymous_6)
FN:120,(anonymous_7)
FN:133,(anonymous_8)
FN:146,(anonymous_9)
FN:159,(anonymous_10)
FNF:11
FNH:0
FNDA:0,SoundSettingsTab
FNDA:0,(anonymous_1)
FNDA:0,(anonymous_2)
FNDA:0,(anonymous_3)
FNDA:0,(anonymous_4)
FNDA:0,(anonymous_5)
FNDA:0,(anonymous_6)
FNDA:0,(anonymous_7)
FNDA:0,(anonymous_8)
FNDA:0,(anonymous_9)
FNDA:0,(anonymous_10)
DA:25,0
DA:27,0
DA:34,0
DA:55,0
DA:68,0
DA:81,0
DA:94,0
DA:107,0
DA:120,0
DA:133,0
DA:146,0
DA:159,0
LF:12
LH:0
BRDA:59,0,0,0
BRDA:59,0,1,0
BRDA:72,1,0,0
BRDA:72,1,1,0
BRDA:85,2,0,0
BRDA:85,2,1,0
BRDA:98,3,0,0
BRDA:98,3,1,0
BRDA:111,4,0,0
BRDA:111,4,1,0
BRDA:124,5,0,0
BRDA:124,5,1,0
BRDA:137,6,0,0
BRDA:137,6,1,0
BRDA:150,7,0,0
BRDA:150,7,1,0
BRDA:163,8,0,0
BRDA:163,8,1,0
BRF:18
BRH:0
end_of_record
TN:
SF:src/components/settings/UpdateSettingsTab.tsx
FN:17,UpdateSettingsTab
FN:24,(anonymous_1)
FN:32,(anonymous_2)
FN:38,(anonymous_3)
FN:40,(anonymous_4)
FN:78,(anonymous_5)
FN:93,(anonymous_6)
FN:154,(anonymous_7)
FNF:8
FNH:0
FNDA:0,UpdateSettingsTab
FNDA:0,(anonymous_1)
FNDA:0,(anonymous_2)
FNDA:0,(anonymous_3)
FNDA:0,(anonymous_4)
FNDA:0,(anonymous_5)
FNDA:0,(anonymous_6)
FNDA:0,(anonymous_7)
DA:18,0
DA:19,0
DA:20,0
DA:21,0
DA:22,0
DA:24,0
DA:25,0
DA:26,0
DA:27,0
DA:29,0
DA:30,0
DA:32,0
DA:34,0
DA:36,0
DA:38,0
DA:39,0
DA:40,0
DA:42,0
DA:43,0
DA:47,0
DA:48,0
DA:51,0
DA:52,0
DA:53,0
DA:54,0
DA:55,0
DA:56,0
DA:57,0
DA:58,0
DA:59,0
DA:63,0
DA:64,0
DA:66,0
DA:69,0
DA:72,0
DA:74,0
DA:78,0
DA:79,0
DA:81,0
DA:82,0
DA:84,0
DA:86,0
DA:88,0
DA:93,0
DA:94,0
DA:98,0
DA:155,0
DA:156,0
LF:48
LH:0
BRDA:36,0,0,0
BRDA:36,0,1,0
BRDA:43,1,0,0
BRDA:43,1,1,0
BRDA:53,2,0,0
BRDA:53,2,1,0
BRDA:54,3,0,0
BRDA:54,3,1,0
BRDA:55,4,0,0
BRDA:55,4,1,0
BRDA:58,5,0,0
BRDA:58,5,1,0
BRDA:63,6,0,0
BRDA:63,6,1,0
BRDA:72,7,0,0
BRDA:72,7,1,0
BRDA:79,8,0,0
BRDA:79,8,1,0
BRDA:86,9,0,0
BRDA:86,9,1,0
BRDA:109,10,0,0
BRDA:109,10,1,0
BRDA:116,11,0,0
BRDA:116,11,1,0
BRDA:116,11,2,0
BRDA:116,11,3,0
BRDA:130,12,0,0
BRDA:130,12,1,0
BRDA:130,12,2,0
BRDA:134,13,0,0
BRDA:134,13,1,0
BRDA:146,14,0,0
BRDA:146,14,1,0
BRDA:146,14,2,0
BRDA:170,15,0,0
BRDA:170,15,1,0
BRDA:188,16,0,0
BRDA:188,16,1,0
BRF:38
BRH:0
end_of_record
TN:
SF:src/components/tabs/TabBar.tsx
FN:4,TabBar
FN:7,(anonymous_1)
FN:11,(anonymous_2)
FN:46,(anonymous_3)
FN:49,(anonymous_4)
FN:82,(anonymous_5)
FNF:6
FNH:0
FNDA:0,TabBar
FNDA:0,(anonymous_1)
FNDA:0,(anonymous_2)
FNDA:0,(anonymous_3)
FNDA:0,(anonymous_4)
FNDA:0,(anonymous_5)
DA:5,0
DA:7,0
DA:8,0
DA:11,0
DA:14,0
DA:15,0
DA:16,0
DA:18,0
DA:20,0
DA:26,0
DA:30,0
DA:35,0
DA:47,0
DA:50,0
DA:51,0
DA:82,0
LF:16
LH:0
BRDA:14,0,0,0
BRDA:14,0,1,0
BRDA:14,1,0,0
BRDA:14,1,1,0
BRDA:30,2,0,0
BRDA:30,2,1,0
BRDA:30,2,2,0
BRDA:30,2,3,0
BRDA:38,3,0,0
BRDA:38,3,1,0
BRDA:56,4,0,0
BRDA:56,4,1,0
BRDA:64,5,0,0
BRDA:64,5,1,0
BRDA:73,6,0,0
BRDA:73,6,1,0
BRDA:75,7,0,0
BRDA:75,7,1,0
BRDA:80,8,0,0
BRDA:80,8,1,0
BRF:20
BRH:0
end_of_record
TN:
SF:src/components/tracker/BookmarkInfoDialog.tsx
FN:9,BookmarkInfoDialog
FN:12,(anonymous_1)
FN:13,(anonymous_2)
FN:16,(anonymous_3)
FN:28,(anonymous_4)
FN:57,(anonymous_5)
FN:75,(anonymous_6)
FN:89,(anonymous_7)
FN:95,(anonymous_8)
FNF:9
FNH:0
FNDA:0,BookmarkInfoDialog
FNDA:0,(anonymous_1)
FNDA:0,(anonymous_2)
FNDA:0,(anonymous_3)
FNDA:0,(anonymous_4)
FNDA:0,(anonymous_5)
FNDA:0,(anonymous_6)
FNDA:0,(anonymous_7)
FNDA:0,(anonymous_8)
DA:10,0
DA:12,0
DA:13,0
DA:16,0
DA:17,0
DA:18,0
DA:21,0
DA:22,0
DA:23,0
DA:24,0
DA:28,0
DA:29,0
DA:32,0
DA:38,0
DA:39,0
DA:42,0
DA:43,0
DA:46,0
DA:47,0
DA:49,0
DA:57,0
DA:76,0
DA:89,0
DA:95,0
LF:24
LH:0
BRDA:21,0,0,0
BRDA:21,0,1,0
BRDA:22,1,0,0
BRDA:22,1,1,0
BRDA:23,2,0,0
BRDA:23,2,1,0
BRDA:24,3,0,0
BRDA:24,3,1,0
BRDA:33,4,0,0
BRDA:33,4,1,0
BRDA:38,5,0,0
BRDA:38,5,1,0
BRDA:38,6,0,0
BRDA:38,6,1,0
BRDA:42,7,0,0
BRDA:42,7,1,0
BRDA:46,8,0,0
BRDA:46,8,1,0
BRDA:53,9,0,0
BRDA:53,9,1,0
BRDA:59,10,0,0
BRDA:59,10,1,0
BRDA:64,11,0,0
BRDA:64,11,1,0
BRF:24
BRH:0
end_of_record
TN:
SF:src/components/tracker/BookmarkList.tsx
FN:38,SortableItem
FN:67,BookmarkList
FN:91,(anonymous_2)
FN:101,(anonymous_3)
FN:112,(anonymous_4)
FN:127,(anonymous_5)
FN:185,(anonymous_6)
FN:195,(anonymous_7)
FN:196,(anonymous_8)
FN:199,(anonymous_9)
FN:216,(anonymous_10)
FN:225,(anonymous_11)
FN:232,(anonymous_12)
FN:239,(anonymous_13)
FN:245,(anonymous_14)
FN:253,(anonymous_15)
FN:258,(anonymous_16)
FN:263,(anonymous_17)
FN:270,(anonymous_18)
FN:275,(anonymous_19)
FN:281,(anonymous_20)
FN:286,(anonymous_21)
FN:305,(anonymous_22)
FN:307,(anonymous_23)
FN:325,(anonymous_24)
FN:331,(anonymous_25)
FN:341,(anonymous_26)
FN:343,(anonymous_27)
FN:353,(anonymous_28)
FN:357,(anonymous_29)
FN:358,(anonymous_30)
FN:385,(anonymous_31)
FN:389,(anonymous_32)
FN:404,(anonymous_33)
FN:407,(anonymous_34)
FN:413,(anonymous_35)
FN:418,(anonymous_36)
FN:426,(anonymous_37)
FN:434,(anonymous_38)
FN:439,(anonymous_39)
FN:441,(anonymous_40)
FN:445,(anonymous_41)
FN:464,(anonymous_42)
FN:480,(anonymous_43)
FN:516,(anonymous_44)
FN:536,(anonymous_45)
FN:543,(anonymous_46)
FN:553,(anonymous_47)
FN:566,(anonymous_48)
FN:577,(anonymous_49)
FN:584,(anonymous_50)
FN:591,(anonymous_51)
FN:596,(anonymous_52)
FN:598,(anonymous_53)
FN:602,(anonymous_54)
FN:616,(anonymous_55)
FN:657,(anonymous_56)
FN:667,(anonymous_57)
FN:717,(anonymous_58)
FN:720,(anonymous_59)
FN:721,(anonymous_60)
FN:728,(anonymous_61)
FN:736,(anonymous_62)
FN:740,(anonymous_63)
FN:744,(anonymous_64)
FN:749,(anonymous_65)
FN:751,(anonymous_66)
FN:755,(anonymous_67)
FN:790,(anonymous_68)
FN:819,(anonymous_69)
FN:826,(anonymous_70)
FN:836,(anonymous_71)
FN:846,(anonymous_72)
FN:870,(anonymous_73)
FN:871,(anonymous_74)
FN:898,(anonymous_75)
FN:906,(anonymous_76)
FN:915,(anonymous_77)
FN:929,(anonymous_78)
FN:933,(anonymous_79)
FN:941,(anonymous_80)
FN:959,(anonymous_81)
FN:969,(anonymous_82)
FN:996,(anonymous_83)
FN:1002,(anonymous_84)
FNF:85
FNH:0
FNDA:0,SortableItem
FNDA:0,BookmarkList
FNDA:0,(anonymous_2)
FNDA:0,(anonymous_3)
FNDA:0,(anonymous_4)
FNDA:0,(anonymous_5)
FNDA:0,(anonymous_6)
FNDA:0,(anonymous_7)
FNDA:0,(anonymous_8)
FNDA:0,(anonymous_9)
FNDA:0,(anonymous_10)
FNDA:0,(anonymous_11)
FNDA:0,(anonymous_12)
FNDA:0,(anonymous_13)
FNDA:0,(anonymous_14)
FNDA:0,(anonymous_15)
FNDA:0,(anonymous_16)
FNDA:0,(anonymous_17)
FNDA:0,(anonymous_18)
FNDA:0,(anonymous_19)
FNDA:0,(anonymous_20)
FNDA:0,(anonymous_21)
FNDA:0,(anonymous_22)
FNDA:0,(anonymous_23)
FNDA:0,(anonymous_24)
FNDA:0,(anonymous_25)
FNDA:0,(anonymous_26)
FNDA:0,(anonymous_27)
FNDA:0,(anonymous_28)
FNDA:0,(anonymous_29)
FNDA:0,(anonymous_30)
FNDA:0,(anonymous_31)
FNDA:0,(anonymous_32)
FNDA:0,(anonymous_33)
FNDA:0,(anonymous_34)
FNDA:0,(anonymous_35)
FNDA:0,(anonymous_36)
FNDA:0,(anonymous_37)
FNDA:0,(anonymous_38)
FNDA:0,(anonymous_39)
FNDA:0,(anonymous_40)
FNDA:0,(anonymous_41)
FNDA:0,(anonymous_42)
FNDA:0,(anonymous_43)
FNDA:0,(anonymous_44)
FNDA:0,(anonymous_45)
FNDA:0,(anonymous_46)
FNDA:0,(anonymous_47)
FNDA:0,(anonymous_48)
FNDA:0,(anonymous_49)
FNDA:0,(anonymous_50)
FNDA:0,(anonymous_51)
FNDA:0,(anonymous_52)
FNDA:0,(anonymous_53)
FNDA:0,(anonymous_54)
FNDA:0,(anonymous_55)
FNDA:0,(anonymous_56)
FNDA:0,(anonymous_57)
FNDA:0,(anonymous_58)
FNDA:0,(anonymous_59)
FNDA:0,(anonymous_60)
FNDA:0,(anonymous_61)
FNDA:0,(anonymous_62)
FNDA:0,(anonymous_63)
FNDA:0,(anonymous_64)
FNDA:0,(anonymous_65)
FNDA:0,(anonymous_66)
FNDA:0,(anonymous_67)
FNDA:0,(anonymous_68)
FNDA:0,(anonymous_69)
FNDA:0,(anonymous_70)
FNDA:0,(anonymous_71)
FNDA:0,(anonymous_72)
FNDA:0,(anonymous_73)
FNDA:0,(anonymous_74)
FNDA:0,(anonymous_75)
FNDA:0,(anonymous_76)
FNDA:0,(anonymous_77)
FNDA:0,(anonymous_78)
FNDA:0,(anonymous_79)
FNDA:0,(anonymous_80)
FNDA:0,(anonymous_81)
FNDA:0,(anonymous_82)
FNDA:0,(anonymous_83)
FNDA:0,(anonymous_84)
DA:47,0
DA:49,0
DA:55,0
DA:60,0
DA:68,0
DA:69,0
DA:70,0
DA:71,0
DA:72,0
DA:73,0
DA:74,0
DA:75,0
DA:76,0
DA:77,0
DA:78,0
DA:79,0
DA:80,0
DA:81,0
DA:84,0
DA:91,0
DA:92,0
DA:93,0
DA:94,0
DA:95,0
DA:97,0
DA:101,0
DA:104,0
DA:105,0
DA:106,0
DA:107,0
DA:112,0
DA:113,0
DA:114,0
DA:115,0
DA:117,0
DA:118,0
DA:119,0
DA:123,0
DA:125,0
DA:127,0
DA:128,0
DA:129,0
DA:130,0
DA:133,0
DA:134,0
DA:140,0
DA:143,0
DA:152,0
DA:160,0
DA:163,0
DA:164,0
DA:166,0
DA:167,0
DA:168,0
DA:169,0
DA:170,0
DA:171,0
DA:172,0
DA:173,0
DA:174,0
DA:175,0
DA:176,0
DA:178,0
DA:179,0
DA:180,0
DA:185,0
DA:186,0
DA:187,0
DA:188,0
DA:191,0
DA:195,0
DA:196,0
DA:197,0
DA:199,0
DA:201,0
DA:210,0
DA:216,0
DA:225,0
DA:226,0
DA:227,0
DA:228,0
DA:232,0
DA:233,0
DA:234,0
DA:235,0
DA:238,0
DA:239,0
DA:240,0
DA:241,0
DA:242,0
DA:245,0
DA:246,0
DA:247,0
DA:248,0
DA:253,0
DA:254,0
DA:256,0
DA:258,0
DA:259,0
DA:260,0
DA:261,0
DA:263,0
DA:264,0
DA:265,0
DA:266,0
DA:270,0
DA:271,0
DA:275,0
DA:277,0
DA:278,0
DA:281,0
DA:282,0
DA:286,0
DA:289,0
DA:301,0
DA:302,0
DA:305,0
DA:307,0
DA:308,0
DA:309,0
DA:310,0
DA:314,0
DA:325,0
DA:326,0
DA:327,0
DA:328,0
DA:331,0
DA:332,0
DA:334,0
DA:335,0
DA:338,0
DA:341,0
DA:342,0
DA:343,0
DA:344,0
DA:350,0
DA:353,0
DA:354,0
DA:356,0
DA:357,0
DA:358,0
DA:360,0
DA:363,0
DA:366,0
DA:367,0
DA:368,0
DA:370,0
DA:372,0
DA:377,0
DA:385,0
DA:390,0
DA:391,0
DA:392,0
DA:393,0
DA:394,0
DA:395,0
DA:400,0
DA:405,0
DA:407,0
DA:414,0
DA:419,0
DA:420,0
DA:427,0
DA:434,0
DA:439,0
DA:445,0
DA:448,0
DA:465,0
DA:466,0
DA:482,0
DA:483,0
DA:484,0
DA:485,0
DA:486,0
DA:487,0
DA:488,0
DA:489,0
DA:517,0
DA:518,0
DA:538,0
DA:539,0
DA:544,0
DA:545,0
DA:554,0
DA:555,0
DA:567,0
DA:568,0
DA:569,0
DA:578,0
DA:579,0
DA:581,0
DA:585,0
DA:586,0
DA:587,0
DA:591,0
DA:596,0
DA:603,0
DA:607,0
DA:618,0
DA:619,0
DA:620,0
DA:621,0
DA:622,0
DA:623,0
DA:624,0
DA:625,0
DA:658,0
DA:659,0
DA:668,0
DA:669,0
DA:718,0
DA:720,0
DA:722,0
DA:723,0
DA:724,0
DA:729,0
DA:730,0
DA:737,0
DA:744,0
DA:749,0
DA:755,0
DA:758,0
DA:792,0
DA:793,0
DA:794,0
DA:795,0
DA:796,0
DA:797,0
DA:798,0
DA:799,0
DA:821,0
DA:822,0
DA:827,0
DA:828,0
DA:837,0
DA:838,0
DA:847,0
DA:848,0
DA:871,0
DA:872,0
DA:873,0
DA:874,0
DA:898,0
DA:906,0
DA:915,0
DA:929,0
DA:933,0
DA:941,0
DA:960,0
DA:961,0
DA:970,0
DA:971,0
DA:996,0
DA:1002,0
LF:254
LH:0
BRDA:52,0,0,0
BRDA:52,0,1,0
BRDA:67,1,0,0
BRDA:104,2,0,0
BRDA:104,2,1,0
BRDA:104,3,0,0
BRDA:104,3,1,0
BRDA:113,4,0,0
BRDA:113,4,1,0
BRDA:113,5,0,0
BRDA:113,5,1,0
BRDA:117,6,0,0
BRDA:117,6,1,0
BRDA:123,7,0,0
BRDA:123,7,1,0
BRDA:138,8,0,0
BRDA:138,8,1,0
BRDA:140,9,0,0
BRDA:140,9,1,0
BRDA:166,10,0,0
BRDA:166,10,1,0
BRDA:166,11,0,0
BRDA:166,11,1,0
BRDA:168,12,0,0
BRDA:168,12,1,0
BRDA:168,13,0,0
BRDA:168,13,1,0
BRDA:170,14,0,0
BRDA:170,14,1,0
BRDA:172,15,0,0
BRDA:172,15,1,0
BRDA:174,16,0,0
BRDA:174,16,1,0
BRDA:174,17,0,0
BRDA:174,17,1,0
BRDA:176,18,0,0
BRDA:176,18,1,0
BRDA:179,19,0,0
BRDA:179,19,1,0
BRDA:179,20,0,0
BRDA:179,20,1,0
BRDA:197,21,0,0
BRDA:197,21,1,0
BRDA:197,22,0,0
BRDA:197,22,1,0
BRDA:212,23,0,0
BRDA:212,23,1,0
BRDA:218,24,0,0
BRDA:218,24,1,0
BRDA:219,25,0,0
BRDA:219,25,1,0
BRDA:256,26,0,0
BRDA:256,26,1,0
BRDA:277,27,0,0
BRDA:277,27,1,0
BRDA:307,28,0,0
BRDA:307,28,1,0
BRDA:307,28,2,0
BRDA:308,29,0,0
BRDA:308,29,1,0
BRDA:326,30,0,0
BRDA:326,30,1,0
BRDA:332,31,0,0
BRDA:332,31,1,0
BRDA:334,32,0,0
BRDA:334,32,1,0
BRDA:342,33,0,0
BRDA:342,33,1,0
BRDA:344,34,0,0
BRDA:344,34,1,0
BRDA:344,34,2,0
BRDA:356,35,0,0
BRDA:356,35,1,0
BRDA:356,36,0,0
BRDA:356,36,1,0
BRDA:392,37,0,0
BRDA:392,37,1,0
BRDA:401,38,0,0
BRDA:401,38,1,0
BRDA:409,39,0,0
BRDA:409,39,1,0
BRDA:469,40,0,0
BRDA:469,40,1,0
BRDA:471,41,0,0
BRDA:471,41,1,0
BRDA:500,42,0,0
BRDA:500,42,1,0
BRDA:507,43,0,0
BRDA:507,43,1,0
BRDA:507,43,2,0
BRDA:507,43,3,0
BRDA:524,44,0,0
BRDA:524,44,1,0
BRDA:566,45,0,0
BRDA:566,45,1,0
BRDA:572,46,0,0
BRDA:572,46,1,0
BRDA:572,47,0,0
BRDA:572,47,1,0
BRDA:573,48,0,0
BRDA:573,48,1,0
BRDA:578,49,0,0
BRDA:578,49,1,0
BRDA:636,50,0,0
BRDA:636,50,1,0
BRDA:636,50,2,0
BRDA:646,51,0,0
BRDA:646,51,1,0
BRDA:654,52,0,0
BRDA:654,52,1,0
BRDA:675,53,0,0
BRDA:675,53,1,0
BRDA:681,54,0,0
BRDA:681,54,1,0
BRDA:681,54,2,0
BRDA:693,55,0,0
BRDA:693,55,1,0
BRDA:693,55,2,0
BRDA:694,56,0,0
BRDA:694,56,1,0
BRDA:702,57,0,0
BRDA:702,57,1,0
BRDA:702,57,2,0
BRDA:702,57,3,0
BRDA:703,58,0,0
BRDA:703,58,1,0
BRDA:761,59,0,0
BRDA:761,59,1,0
BRDA:808,60,0,0
BRDA:808,60,1,0
BRDA:854,61,0,0
BRDA:854,61,1,0
BRDA:860,62,0,0
BRDA:860,62,1,0
BRDA:862,63,0,0
BRDA:862,63,1,0
BRDA:895,64,0,0
BRDA:895,64,1,0
BRDA:903,65,0,0
BRDA:903,65,1,0
BRDA:911,66,0,0
BRDA:911,66,1,0
BRDA:926,67,0,0
BRDA:926,67,1,0
BRDA:947,68,0,0
BRDA:947,68,1,0
BRDA:954,69,0,0
BRDA:954,69,1,0
BRDA:954,70,0,0
BRDA:954,70,1,0
BRDA:983,71,0,0
BRDA:983,71,1,0
BRF:152
BRH:0
end_of_record
TN:
SF:src/components/tracker/ConnectDialog.tsx
FN:10,ConnectDialog
FN:14,(anonymous_1)
FN:15,(anonymous_2)
FN:18,(anonymous_3)
FN:33,(anonymous_4)
FN:50,(anonymous_5)
FN:68,(anonymous_6)
FN:86,(anonymous_7)
FN:104,(anonymous_8)
FN:118,(anonymous_9)
FN:131,(anonymous_10)
FN:143,(anonymous_11)
FN:164,(anonymous_12)
FN:176,(anonymous_13)
FN:188,(anonymous_14)
FNF:15
FNH:0
FNDA:0,ConnectDialog
FNDA:0,(anonymous_1)
FNDA:0,(anonymous_2)
FNDA:0,(anonymous_3)
FNDA:0,(anonymous_4)
FNDA:0,(anonymous_5)
FNDA:0,(anonymous_6)
FNDA:0,(anonymous_7)
FNDA:0,(anonymous_8)
FNDA:0,(anonymous_9)
FNDA:0,(anonymous_10)
FNDA:0,(anonymous_11)
FNDA:0,(anonymous_12)
FNDA:0,(anonymous_13)
FNDA:0,(anonymous_14)
DA:11,0
DA:12,0
DA:14,0
DA:15,0
DA:18,0
DA:19,0
DA:20,0
DA:22,0
DA:33,0
DA:34,0
DA:36,0
DA:47,0
DA:48,0
DA:49,0
DA:50,0
DA:51,0
DA:54,0
DA:56,0
DA:60,0
DA:68,0
DA:87,0
DA:88,0
DA:89,0
DA:104,0
DA:118,0
DA:131,0
DA:144,0
DA:145,0
DA:148,0
DA:164,0
DA:176,0
DA:188,0
LF:32
LH:0
BRDA:38,0,0,0
BRDA:38,0,1,0
BRDA:42,1,0,0
BRDA:42,1,1,0
BRDA:48,2,0,0
BRDA:48,2,1,0
BRDA:50,3,0,0
BRDA:50,3,1,0
BRDA:64,4,0,0
BRDA:64,4,1,0
BRDA:70,5,0,0
BRDA:70,5,1,0
BRDA:88,6,0,0
BRDA:88,6,1,0
BRDA:88,7,0,0
BRDA:88,7,1,0
BRDA:89,8,0,0
BRDA:89,8,1,0
BRDA:99,9,0,0
BRDA:99,9,1,0
BRDA:106,10,0,0
BRDA:106,10,1,0
BRDA:136,11,0,0
BRDA:136,11,1,0
BRDA:145,12,0,0
BRDA:145,12,1,0
BRDA:145,13,0,0
BRDA:145,13,1,0
BRDA:146,14,0,0
BRDA:146,14,1,0
BRDA:146,15,0,0
BRDA:146,15,1,0
BRF:32
BRH:0
end_of_record
TN:
SF:src/components/tracker/EditBookmarkDialog.tsx
FN:13,EditBookmarkDialog
FN:25,(anonymous_1)
FN:26,(anonymous_2)
FN:29,(anonymous_3)
FN:34,(anonymous_4)
FN:72,(anonymous_5)
FN:91,(anonymous_6)
FN:105,(anonymous_7)
FN:118,(anonymous_8)
FN:129,(anonymous_9)
FN:151,(anonymous_10)
FN:163,(anonymous_11)
FNF:12
FNH:0
FNDA:0,EditBookmarkDialog
FNDA:0,(anonymous_1)
FNDA:0,(anonymous_2)
FNDA:0,(anonymous_3)
FNDA:0,(anonymous_4)
FNDA:0,(anonymous_5)
FNDA:0,(anonymous_6)
FNDA:0,(anonymous_7)
FNDA:0,(anonymous_8)
FNDA:0,(anonymous_9)
FNDA:0,(anonymous_10)
FNDA:0,(anonymous_11)
DA:14,0
DA:15,0
DA:16,0
DA:25,0
DA:26,0
DA:29,0
DA:30,0
DA:31,0
DA:34,0
DA:35,0
DA:37,0
DA:48,0
DA:49,0
DA:50,0
DA:51,0
DA:52,0
DA:54,0
DA:56,0
DA:58,0
DA:62,0
DA:64,0
DA:72,0
DA:91,0
DA:105,0
DA:118,0
DA:130,0
DA:131,0
DA:134,0
DA:151,0
DA:163,0
LF:30
LH:0
BRDA:13,0,0,0
BRDA:20,1,0,0
BRDA:20,1,1,0
BRDA:21,2,0,0
BRDA:21,2,1,0
BRDA:22,3,0,0
BRDA:22,3,1,0
BRDA:39,4,0,0
BRDA:39,4,1,0
BRDA:43,5,0,0
BRDA:43,5,1,0
BRDA:50,6,0,0
BRDA:50,6,1,0
BRDA:68,7,0,0
BRDA:68,7,1,0
BRDA:74,8,0,0
BRDA:74,8,1,0
BRDA:79,9,0,0
BRDA:79,9,1,0
BRDA:123,10,0,0
BRDA:123,10,1,0
BRDA:131,11,0,0
BRDA:131,11,1,0
BRDA:131,12,0,0
BRDA:131,12,1,0
BRDA:132,13,0,0
BRDA:132,13,1,0
BRDA:132,14,0,0
BRDA:132,14,1,0
BRDA:181,15,0,0
BRDA:181,15,1,0
BRF:31
BRH:0
end_of_record
TN:
SF:src/components/tracker/TrackerWindow.tsx
FN:11,TrackerWindow
FN:19,(anonymous_1)
FN:20,(anonymous_2)
FN:38,(anonymous_3)
FN:58,(anonymous_4)
FN:71,(anonymous_5)
FN:79,(anonymous_6)
FN:86,(anonymous_7)
FN:101,(anonymous_8)
FN:114,(anonymous_9)
FN:140,(anonymous_10)
FN:143,(anonymous_11)
FN:146,(anonymous_12)
FNF:13
FNH:0
FNDA:0,TrackerWindow
FNDA:0,(anonymous_1)
FNDA:0,(anonymous_2)
FNDA:0,(anonymous_3)
FNDA:0,(anonymous_4)
FNDA:0,(anonymous_5)
FNDA:0,(anonymous_6)
FNDA:0,(anonymous_7)
FNDA:0,(anonymous_8)
FNDA:0,(anonymous_9)
FNDA:0,(anonymous_10)
FNDA:0,(anonymous_11)
FNDA:0,(anonymous_12)
DA:12,0
DA:13,0
DA:14,0
DA:15,0
DA:16,0
DA:19,0
DA:20,0
DA:21,0
DA:22,0
DA:23,0
DA:25,0
DA:29,0
DA:33,0
DA:38,0
DA:42,0
DA:71,0
DA:79,0
DA:86,0
DA:101,0
DA:114,0
DA:140,0
DA:143,0
DA:146,0
LF:23
LH:0
BRDA:112,0,0,0
BRDA:112,0,1,0
BRDA:129,1,0,0
BRDA:129,1,1,0
BRDA:140,2,0,0
BRDA:140,2,1,0
BRDA:143,3,0,0
BRDA:143,3,1,0
BRDA:146,4,0,0
BRDA:146,4,1,0
BRF:10
BRH:0
end_of_record
TN:
SF:src/components/transfers/TransferList.tsx
FN:10,formatBytes
FN:19,formatSpeed
FN:24,TransferList
FN:29,(anonymous_3)
FN:32,(anonymous_4)
FN:33,(anonymous_5)
FN:34,(anonymous_6)
FN:36,(anonymous_7)
FN:44,(anonymous_8)
FN:94,(anonymous_9)
FN:116,(anonymous_10)
FN:159,(anonymous_11)
FN:182,(anonymous_12)
FN:202,(anonymous_13)
FN:227,(anonymous_14)
FNF:15
FNH:0
FNDA:0,formatBytes
FNDA:0,formatSpeed
FNDA:0,TransferList
FNDA:0,(anonymous_3)
FNDA:0,(anonymous_4)
FNDA:0,(anonymous_5)
FNDA:0,(anonymous_6)
FNDA:0,(anonymous_7)
FNDA:0,(anonymous_8)
FNDA:0,(anonymous_9)
FNDA:0,(anonymous_10)
FNDA:0,(anonymous_11)
FNDA:0,(anonymous_12)
FNDA:0,(anonymous_13)
FNDA:0,(anonymous_14)
DA:11,0
DA:12,0
DA:13,0
DA:14,0
DA:15,0
DA:16,0
DA:20,0
DA:21,0
DA:25,0
DA:28,0
DA:29,0
DA:32,0
DA:33,0
DA:34,0
DA:36,0
DA:37,0
DA:38,0
DA:39,0
DA:41,0
DA:44,0
DA:45,0
DA:46,0
DA:47,0
DA:48,0
DA:49,0
DA:52,0
DA:95,0
DA:116,0
DA:160,0
DA:182,0
DA:203,0
DA:227,0
LF:32
LH:0
BRDA:11,0,0,0
BRDA:11,0,1,0
BRDA:11,1,0,0
BRDA:11,1,1,0
BRDA:11,1,2,0
BRDA:11,1,3,0
BRDA:11,1,4,0
BRDA:20,2,0,0
BRDA:20,2,1,0
BRDA:20,3,0,0
BRDA:20,3,1,0
BRDA:20,3,2,0
BRDA:20,3,3,0
BRDA:20,3,4,0
BRDA:28,4,0,0
BRDA:28,4,1,0
BRDA:37,5,0,0
BRDA:37,5,1,0
BRDA:37,6,0,0
BRDA:37,6,1,0
BRDA:39,7,0,0
BRDA:39,7,1,0
BRDA:41,8,0,0
BRDA:41,8,1,0
BRDA:45,9,0,0
BRDA:45,9,1,0
BRDA:45,10,0,0
BRDA:45,10,1,0
BRDA:46,11,0,0
BRDA:46,11,1,0
BRDA:46,12,0,0
BRDA:46,12,1,0
BRDA:47,13,0,0
BRDA:47,13,1,0
BRDA:47,14,0,0
BRDA:47,14,1,0
BRDA:48,15,0,0
BRDA:48,15,1,0
BRDA:48,16,0,0
BRDA:48,16,1,0
BRDA:58,17,0,0
BRDA:58,17,1,0
BRDA:58,18,0,0
BRDA:58,18,1,0
BRDA:61,19,0,0
BRDA:61,19,1,0
BRDA:80,20,0,0
BRDA:80,20,1,0
BRDA:88,21,0,0
BRDA:88,21,1,0
BRDA:103,22,0,0
BRDA:103,22,1,0
BRDA:109,23,0,0
BRDA:109,23,1,0
BRDA:140,24,0,0
BRDA:140,24,1,0
BRDA:140,24,2,0
BRDA:153,25,0,0
BRDA:153,25,1,0
BRDA:167,26,0,0
BRDA:167,26,1,0
BRDA:176,27,0,0
BRDA:176,27,1,0
BRDA:196,28,0,0
BRDA:196,28,1,0
BRDA:210,29,0,0
BRDA:210,29,1,0
BRDA:215,30,0,0
BRDA:215,30,1,0
BRDA:221,31,0,0
BRDA:221,31,1,0
BRF:71
BRH:0
end_of_record
TN:
SF:src/components/update/UpdateView.tsx
FN:21,UpdateView
FN:28,(anonymous_1)
FN:29,(anonymous_2)
FN:34,(anonymous_3)
FN:44,(anonymous_4)
FN:46,(anonymous_5)
FN:84,(anonymous_6)
FN:98,(anonymous_7)
FN:104,(anonymous_8)
FN:172,(anonymous_9)
FNF:10
FNH:0
FNDA:0,UpdateView
FNDA:0,(anonymous_1)
FNDA:0,(anonymous_2)
FNDA:0,(anonymous_3)
FNDA:0,(anonymous_4)
FNDA:0,(anonymous_5)
FNDA:0,(anonymous_6)
FNDA:0,(anonymous_7)
FNDA:0,(anonymous_8)
FNDA:0,(anonymous_9)
DA:22,0
DA:23,0
DA:24,0
DA:25,0
DA:26,0
DA:28,0
DA:29,0
DA:30,0
DA:34,0
DA:35,0
DA:36,0
DA:37,0
DA:39,0
DA:40,0
DA:42,0
DA:44,0
DA:45,0
DA:46,0
DA:48,0
DA:49,0
DA:53,0
DA:54,0
DA:57,0
DA:58,0
DA:59,0
DA:60,0
DA:61,0
DA:62,0
DA:63,0
DA:64,0
DA:65,0
DA:69,0
DA:70,0
DA:72,0
DA:75,0
DA:78,0
DA:80,0
DA:84,0
DA:85,0
DA:87,0
DA:88,0
DA:90,0
DA:92,0
DA:94,0
DA:98,0
DA:100,0
DA:104,0
DA:105,0
DA:109,0
DA:173,0
DA:174,0
LF:51
LH:0
BRDA:42,0,0,0
BRDA:42,0,1,0
BRDA:49,1,0,0
BRDA:49,1,1,0
BRDA:59,2,0,0
BRDA:59,2,1,0
BRDA:60,3,0,0
BRDA:60,3,1,0
BRDA:61,4,0,0
BRDA:61,4,1,0
BRDA:64,5,0,0
BRDA:64,5,1,0
BRDA:69,6,0,0
BRDA:69,6,1,0
BRDA:78,7,0,0
BRDA:78,7,1,0
BRDA:85,8,0,0
BRDA:85,8,1,0
BRDA:92,9,0,0
BRDA:92,9,1,0
BRDA:127,10,0,0
BRDA:127,10,1,0
BRDA:134,11,0,0
BRDA:134,11,1,0
BRDA:134,11,2,0
BRDA:134,11,3,0
BRDA:148,12,0,0
BRDA:148,12,1,0
BRDA:148,12,2,0
BRDA:152,13,0,0
BRDA:152,13,1,0
BRDA:164,14,0,0
BRDA:164,14,1,0
BRDA:164,14,2,0
BRDA:188,15,0,0
BRDA:188,15,1,0
BRDA:207,16,0,0
BRDA:207,16,1,0
BRDA:207,16,2,0
BRDA:221,17,0,0
BRDA:221,17,1,0
BRDA:233,18,0,0
BRDA:233,18,1,0
BRDA:233,18,2,0
BRF:44
BRH:0
end_of_record
TN:
SF:src/components/users/UserIcon.tsx
FN:10,UserIcon
FN:13,(anonymous_1)
FN:45,(anonymous_2)
FN:58,UserBanner
FN:61,(anonymous_4)
FN:62,(anonymous_5)
FN:73,(anonymous_6)
FN:74,(anonymous_7)
FN:87,(anonymous_8)
FNF:9
FNH:0
FNDA:0,UserIcon
FNDA:0,(anonymous_1)
FNDA:0,(anonymous_2)
FNDA:0,UserBanner
FNDA:0,(anonymous_4)
FNDA:0,(anonymous_5)
FNDA:0,(anonymous_6)
FNDA:0,(anonymous_7)
FNDA:0,(anonymous_8)
DA:11,0
DA:12,0
DA:13,0
DA:15,0
DA:16,0
DA:18,0
DA:19,0
DA:21,0
DA:22,0
DA:35,0
DA:46,0
DA:47,0
DA:59,0
DA:60,0
DA:61,0
DA:62,0
DA:64,0
DA:67,0
DA:68,0
DA:73,0
DA:74,0
DA:79,0
DA:81,0
DA:87,0
LF:24
LH:0
BRDA:10,0,0,0
BRDA:10,1,0,0
BRDA:18,2,0,0
BRDA:18,2,1,0
BRDA:18,2,2,0
BRDA:19,3,0,0
BRDA:19,3,1,0
BRDA:19,3,2,0
BRDA:21,4,0,0
BRDA:21,4,1,0
BRDA:41,5,0,0
BRDA:41,5,1,0
BRDA:43,6,0,0
BRDA:43,6,1,0
BRDA:44,7,0,0
BRDA:44,7,1,0
BRDA:46,8,0,0
BRDA:46,8,1,0
BRDA:67,9,0,0
BRDA:67,9,1,0
BRDA:79,10,0,0
BRDA:79,10,1,0
BRDA:79,11,0,0
BRDA:79,11,1,0
BRDA:79,11,2,0
BRF:25
BRH:0
end_of_record
TN:
SF:src/components/users/UserInfoDialog.tsx
FN:19,UserInfoDialog
FN:111,(anonymous_1)
FNF:2
FNH:0
FNDA:0,UserInfoDialog
FNDA:0,(anonymous_1)
DA:20,0
DA:112,0
DA:113,0
LF:3
LH:0
BRDA:19,0,0,0
BRDA:78,1,0,0
BRDA:78,1,1,0
BRDA:83,2,0,0
BRDA:83,2,1,0
BRDA:88,3,0,0
BRDA:88,3,1,0
BRDA:88,3,2,0
BRDA:109,4,0,0
BRDA:109,4,1,0
BRDA:109,4,2,0
BRF:11
BRH:0
end_of_record
TN:
SF:src/components/users/UserList.tsx
FN:20,UserList
FN:27,(anonymous_1)
FN:30,(anonymous_2)
FN:31,(anonymous_3)
FNF:4
FNH:0
FNDA:0,UserList
FNDA:0,(anonymous_1)
FNDA:0,(anonymous_2)
FNDA:0,(anonymous_3)
DA:21,0
DA:28,0
DA:30,0
DA:31,0
LF:4
LH:0
BRDA:33,0,0,0
BRDA:33,0,1,0
BRDA:35,1,0,0
BRDA:35,1,1,0
BRDA:39,2,0,0
BRDA:39,2,1,0
BRDA:39,3,0,0
BRDA:39,3,1,0
BRDA:43,4,0,0
BRDA:43,4,1,0
BRDA:46,5,0,0
BRDA:46,5,1,0
BRDA:51,6,0,0
BRDA:51,6,1,0
BRF:14
BRH:0
end_of_record
TN:
SF:src/hooks/useDarkMode.ts
FN:8,useDarkMode
FN:9,(anonymous_1)
FN:11,(anonymous_2)
FN:15,(anonymous_3)
FN:32,(anonymous_4)
FN:43,(anonymous_5)
FN:47,(anonymous_6)
FNF:7
FNH:0
FNDA:0,useDarkMode
FNDA:0,(anonymous_1)
FNDA:0,(anonymous_2)
FNDA:0,(anonymous_3)
FNDA:0,(anonymous_4)
FNDA:0,(anonymous_5)
FNDA:0,(anonymous_6)
DA:9,0
DA:11,0
DA:12,0
DA:15,0
DA:16,0
DA:17,0
DA:19,0
DA:23,0
DA:24,0
DA:26,0
DA:30,0
DA:31,0
DA:32,0
DA:33,0
DA:34,0
DA:36,0
DA:41,0
DA:42,0
DA:43,0
DA:46,0
DA:47,0
LF:21
LH:0
BRDA:16,0,0,0
BRDA:16,0,1,0
BRDA:17,1,0,0
BRDA:17,1,1,0
BRDA:23,2,0,0
BRDA:23,2,1,0
BRDA:30,3,0,0
BRDA:30,3,1,0
BRDA:33,4,0,0
BRDA:33,4,1,0
BRDA:41,5,0,0
BRDA:41,5,1,0
BRF:12
BRH:0
end_of_record
TN:
SF:src/hooks/useIsMobile.ts
FN:5,useIsMobile
FN:6,(anonymous_1)
FN:10,(anonymous_2)
FN:12,(anonymous_3)
FN:14,(anonymous_4)
FNF:5
FNH:0
FNDA:0,useIsMobile
FNDA:0,(anonymous_1)
FNDA:0,(anonymous_2)
FNDA:0,(anonymous_3)
FNDA:0,(anonymous_4)
DA:3,0
DA:6,0
DA:7,0
DA:10,0
DA:11,0
DA:12,0
DA:13,0
DA:14,0
DA:17,0
LF:9
LH:0
BRDA:7,0,0,0
BRDA:7,0,1,0
BRF:2
BRH:0
end_of_record
TN:
SF:src/hooks/useKeyboardShortcuts.ts
FN:16,useKeyboardShortcuts
FN:17,(anonymous_1)
FN:18,(anonymous_2)
FN:68,(anonymous_3)
FN:75,formatShortcut
FNF:5
FNH:0
FNDA:0,useKeyboardShortcuts
FNDA:0,(anonymous_1)
FNDA:0,(anonymous_2)
FNDA:0,(anonymous_3)
FNDA:0,formatShortcut
DA:17,0
DA:18,0
DA:20,0
DA:21,0
DA:27,0
DA:30,0
DA:34,0
DA:35,0
DA:37,0
DA:38,0
DA:40,0
DA:41,0
DA:42,0
DA:43,0
DA:46,0
DA:53,0
DA:59,0
DA:60,0
DA:61,0
DA:62,0
DA:67,0
DA:68,0
DA:69,0
DA:76,0
DA:79,0
DA:80,0
DA:82,0
DA:83,0
DA:85,0
DA:86,0
DA:88,0
DA:89,0
DA:91,0
DA:92,0
DA:96,0
DA:97,0
DA:98,0
DA:99,0
DA:100,0
DA:101,0
DA:102,0
DA:104,0
DA:106,0
LF:43
LH:0
BRDA:21,0,0,0
BRDA:21,0,1,0
BRDA:22,1,0,0
BRDA:22,1,1,0
BRDA:22,1,2,0
BRDA:27,2,0,0
BRDA:27,2,1,0
BRDA:35,3,0,0
BRDA:35,3,1,0
BRDA:38,4,0,0
BRDA:38,4,1,0
BRDA:40,5,0,0
BRDA:40,5,1,0
BRDA:41,6,0,0
BRDA:41,6,1,0
BRDA:42,7,0,0
BRDA:42,7,1,0
BRDA:43,8,0,0
BRDA:43,8,1,0
BRDA:46,9,0,0
BRDA:46,9,1,0
BRDA:46,9,2,0
BRDA:46,9,3,0
BRDA:46,9,4,0
BRDA:46,9,5,0
BRDA:46,9,6,0
BRDA:46,9,7,0
BRDA:53,10,0,0
BRDA:53,10,1,0
BRDA:53,10,2,0
BRDA:53,10,3,0
BRDA:57,11,0,0
BRDA:57,11,1,0
BRDA:59,12,0,0
BRDA:59,12,1,0
BRDA:59,13,0,0
BRDA:59,13,1,0
BRDA:59,13,2,0
BRDA:80,14,0,0
BRDA:80,14,1,0
BRDA:82,15,0,0
BRDA:82,15,1,0
BRDA:85,16,0,0
BRDA:85,16,1,0
BRDA:85,17,0,0
BRDA:85,17,1,0
BRDA:88,18,0,0
BRDA:88,18,1,0
BRDA:91,19,0,0
BRDA:91,19,1,0
BRDA:97,20,0,0
BRDA:97,20,1,0
BRDA:97,21,0,0
BRDA:97,21,1,0
BRDA:98,22,0,0
BRDA:98,22,1,0
BRDA:99,23,0,0
BRDA:99,23,1,0
BRDA:100,24,0,0
BRDA:100,24,1,0
BRDA:101,25,0,0
BRDA:101,25,1,0
BRF:62
BRH:0
end_of_record
TN:
SF:src/hooks/useSound.ts
FN:4,useSound
FN:18,(anonymous_1)
FN:25,(anonymous_2)
FN:26,(anonymous_3)
FN:27,(anonymous_4)
FN:28,(anonymous_5)
FN:29,(anonymous_6)
FN:30,(anonymous_7)
FN:31,(anonymous_8)
FN:32,(anonymous_9)
FN:33,(anonymous_10)
FNF:11
FNH:0
FNDA:0,useSound
FNDA:0,(anonymous_1)
FNDA:0,(anonymous_2)
FNDA:0,(anonymous_3)
FNDA:0,(anonymous_4)
FNDA:0,(anonymous_5)
FNDA:0,(anonymous_6)
FNDA:0,(anonymous_7)
FNDA:0,(anonymous_8)
FNDA:0,(anonymous_9)
FNDA:0,(anonymous_10)
DA:16,0
DA:18,0
DA:19,0
DA:20,0
DA:24,0
DA:25,0
DA:26,0
DA:27,0
DA:28,0
DA:29,0
DA:30,0
DA:31,0
DA:32,0
DA:33,0
LF:14
LH:0
BRDA:19,0,0,0
BRDA:19,0,1,0
BRDA:19,1,0,0
BRDA:19,1,1,0
BRF:4
BRH:0
end_of_record
TN:
SF:src/stores/appStore.ts
FN:91,(anonymous_0)
FN:104,(anonymous_1)
FN:104,(anonymous_2)
FN:106,(anonymous_3)
FN:114,(anonymous_4)
FN:116,(anonymous_5)
FN:116,(anonymous_6)
FN:117,(anonymous_7)
FN:120,(anonymous_8)
FN:120,(anonymous_9)
FN:121,(anonymous_10)
FN:126,(anonymous_11)
FN:126,(anonymous_12)
FN:130,(anonymous_13)
FN:130,(anonymous_14)
FN:131,(anonymous_15)
FN:134,(anonymous_16)
FN:137,(anonymous_17)
FN:137,(anonymous_18)
FN:139,(anonymous_19)
FN:153,(anonymous_20)
FN:153,(anonymous_21)
FN:155,(anonymous_22)
FN:163,(anonymous_23)
FN:164,(anonymous_24)
FN:165,(anonymous_25)
FN:181,(anonymous_26)
FN:196,(anonymous_27)
FN:196,(anonymous_28)
FN:198,(anonymous_29)
FN:207,(anonymous_30)
FN:207,(anonymous_31)
FN:208,(anonymous_32)
FN:213,(anonymous_33)
FN:213,(anonymous_34)
FN:214,(anonymous_35)
FN:219,(anonymous_36)
FN:219,(anonymous_37)
FN:228,(anonymous_38)
FN:228,(anonymous_39)
FN:232,(anonymous_40)
FN:237,(anonymous_41)
FN:238,(anonymous_42)
FN:241,(anonymous_43)
FN:241,(anonymous_44)
FN:250,(anonymous_45)
FN:257,(anonymous_46)
FN:257,(anonymous_47)
FN:263,(anonymous_48)
FN:263,(anonymous_49)
FN:275,(anonymous_50)
FN:275,(anonymous_51)
FN:279,(anonymous_52)
FN:279,(anonymous_53)
FN:280,(anonymous_54)
FN:285,(anonymous_55)
FN:285,(anonymous_56)
FN:286,(anonymous_57)
FN:289,(anonymous_58)
FN:289,(anonymous_59)
FN:290,(anonymous_60)
FNF:61
FNH:0
FNDA:0,(anonymous_0)
FNDA:0,(anonymous_1)
FNDA:0,(anonymous_2)
FNDA:0,(anonymous_3)
FNDA:0,(anonymous_4)
FNDA:0,(anonymous_5)
FNDA:0,(anonymous_6)
FNDA:0,(anonymous_7)
FNDA:0,(anonymous_8)
FNDA:0,(anonymous_9)
FNDA:0,(anonymous_10)
FNDA:0,(anonymous_11)
FNDA:0,(anonymous_12)
FNDA:0,(anonymous_13)
FNDA:0,(anonymous_14)
FNDA:0,(anonymous_15)
FNDA:0,(anonymous_16)
FNDA:0,(anonymous_17)
FNDA:0,(anonymous_18)
FNDA:0,(anonymous_19)
FNDA:0,(anonymous_20)
FNDA:0,(anonymous_21)
FNDA:0,(anonymous_22)
FNDA:0,(anonymous_23)
FNDA:0,(anonymous_24)
FNDA:0,(anonymous_25)
FNDA:0,(anonymous_26)
FNDA:0,(anonymous_27)
FNDA:0,(anonymous_28)
FNDA:0,(anonymous_29)
FNDA:0,(anonymous_30)
FNDA:0,(anonymous_31)
FNDA:0,(anonymous_32)
FNDA:0,(anonymous_33)
FNDA:0,(anonymous_34)
FNDA:0,(anonymous_35)
FNDA:0,(anonymous_36)
FNDA:0,(anonymous_37)
FNDA:0,(anonymous_38)
FNDA:0,(anonymous_39)
FNDA:0,(anonymous_40)
FNDA:0,(anonymous_41)
FNDA:0,(anonymous_42)
FNDA:0,(anonymous_43)
FNDA:0,(anonymous_44)
FNDA:0,(anonymous_45)
FNDA:0,(anonymous_46)
FNDA:0,(anonymous_47)
FNDA:0,(anonymous_48)
FNDA:0,(anonymous_49)
FNDA:0,(anonymous_50)
FNDA:0,(anonymous_51)
FNDA:0,(anonymous_52)
FNDA:0,(anonymous_53)
FNDA:0,(anonymous_54)
FNDA:0,(anonymous_55)
FNDA:0,(anonymous_56)
FNDA:0,(anonymous_57)
FNDA:0,(anonymous_58)
FNDA:0,(anonymous_59)
FNDA:0,(anonymous_60)
DA:91,0
DA:104,0
DA:106,0
DA:107,0
DA:109,0
DA:114,0
DA:116,0
DA:117,0
DA:120,0
DA:122,0
DA:126,0
DA:130,0
DA:131,0
DA:134,0
DA:137,0
DA:139,0
DA:140,0
DA:143,0
DA:145,0
DA:147,0
DA:153,0
DA:155,0
DA:158,0
DA:159,0
DA:163,0
DA:164,0
DA:165,0
DA:168,0
DA:169,0
DA:172,0
DA:174,0
DA:177,0
DA:180,0
DA:181,0
DA:183,0
DA:184,0
DA:186,0
DA:190,0
DA:196,0
DA:198,0
DA:199,0
DA:201,0
DA:207,0
DA:209,0
DA:213,0
DA:215,0
DA:219,0
DA:220,0
DA:221,0
DA:222,0
DA:228,0
DA:229,0
DA:230,0
DA:231,0
DA:232,0
DA:237,0
DA:238,0
DA:241,0
DA:242,0
DA:243,0
DA:244,0
DA:245,0
DA:246,0
DA:247,0
DA:251,0
DA:252,0
DA:253,0
DA:254,0
DA:257,0
DA:258,0
DA:259,0
DA:260,0
DA:263,0
DA:264,0
DA:265,0
DA:266,0
DA:267,0
DA:268,0
DA:269,0
DA:270,0
DA:271,0
DA:275,0
DA:279,0
DA:281,0
DA:285,0
DA:286,0
DA:289,0
DA:290,0
LF:88
LH:0
BRDA:106,0,0,0
BRDA:106,0,1,0
BRDA:122,1,0,0
BRDA:122,1,1,0
BRDA:140,2,0,0
BRDA:140,2,1,0
BRDA:140,2,2,0
BRDA:140,2,3,0
BRDA:143,3,0,0
BRDA:143,3,1,0
BRDA:158,4,0,0
BRDA:158,4,1,0
BRDA:168,5,0,0
BRDA:168,5,1,0
BRDA:168,6,0,0
BRDA:168,6,1,0
BRDA:172,7,0,0
BRDA:172,7,1,0
BRDA:180,8,0,0
BRDA:180,8,1,0
BRDA:183,9,0,0
BRDA:183,9,1,0
BRDA:199,10,0,0
BRDA:199,10,1,0
BRDA:209,11,0,0
BRDA:209,11,1,0
BRDA:215,12,0,0
BRDA:215,12,1,0
BRDA:242,13,0,0
BRDA:242,13,1,0
BRDA:252,14,0,0
BRDA:252,14,1,0
BRDA:254,15,0,0
BRDA:254,15,1,0
BRDA:265,16,0,0
BRDA:265,16,1,0
BRDA:281,17,0,0
BRDA:281,17,1,0
BRF:38
BRH:0
end_of_record
TN:
SF:src/stores/notificationStore.ts
FN:36,(anonymous_0)
FN:41,(anonymous_1)
FN:50,(anonymous_2)
FN:68,(anonymous_3)
FN:74,(anonymous_4)
FN:82,(anonymous_5)
FN:90,(anonymous_6)
FN:91,(anonymous_7)
FN:92,(anonymous_8)
FN:96,(anonymous_9)
FN:100,(anonymous_10)
FN:104,(anonymous_11)
FN:105,(anonymous_12)
FN:116,(anonymous_13)
FN:118,(anonymous_14)
FN:128,(anonymous_15)
FN:138,(anonymous_16)
FN:148,(anonymous_17)
FN:158,(anonymous_18)
FNF:19
FNH:16
FNDA:1,(anonymous_0)
FNDA:26,(anonymous_1)
FNDA:26,(anonymous_2)
FNDA:1,(anonymous_3)
FNDA:0,(anonymous_4)
FNDA:0,(anonymous_5)
FNDA:2,(anonymous_6)
FNDA:2,(anonymous_7)
FNDA:3,(anonymous_8)
FNDA:1,(anonymous_9)
FNDA:1,(anonymous_10)
FNDA:3,(anonymous_11)
FNDA:3,(anonymous_12)
FNDA:1,(anonymous_13)
FNDA:44,(anonymous_14)
FNDA:1,(anonymous_15)
FNDA:1,(anonymous_16)
FNDA:0,(anonymous_17)
FNDA:1,(anonymous_18)
DA:34,1
DA:36,1
DA:42,26
DA:43,26
DA:50,26
DA:52,26
DA:55,26
DA:60,26
DA:67,26
DA:68,22
DA:69,1
DA:75,0
DA:76,0
DA:82,0
DA:91,2
DA:92,3
DA:97,1
DA:101,1
DA:105,3
DA:106,3
DA:107,3
DA:116,1
DA:118,44
DA:127,1
DA:129,1
DA:139,1
DA:149,0
DA:159,1
LF:28
LH:24
BRDA:47,0,0,26
BRDA:47,0,1,19
BRDA:67,1,0,22
BRDA:67,1,1,4
BRDA:67,2,0,26
BRDA:67,2,1,22
BRDA:80,3,0,0
BRDA:80,3,1,0
BRDA:143,4,0,1
BRDA:143,4,1,1
BRF:10
BRH:8
end_of_record
TN:
SF:src/stores/preferencesStore.ts
FN:75,(anonymous_0)
FN:83,(anonymous_1)
FN:87,(anonymous_2)
FN:91,(anonymous_3)
FN:95,(anonymous_4)
FN:97,(anonymous_5)
FN:97,(anonymous_6)
FN:100,(anonymous_7)
FN:100,(anonymous_8)
FN:101,(anonymous_9)
FN:104,(anonymous_10)
FN:104,(anonymous_11)
FN:107,(anonymous_12)
FN:107,(anonymous_13)
FN:108,(anonymous_14)
FN:113,(anonymous_15)
FN:115,(anonymous_16)
FN:119,(anonymous_17)
FN:133,(anonymous_18)
FN:134,(anonymous_19)
FN:135,(anonymous_20)
FN:136,(anonymous_21)
FN:137,(anonymous_22)
FN:138,(anonymous_23)
FN:139,(anonymous_24)
FN:140,(anonymous_25)
FN:141,(anonymous_26)
FN:142,(anonymous_27)
FN:143,(anonymous_28)
FN:144,(anonymous_29)
FN:145,(anonymous_30)
FN:146,(anonymous_31)
FN:150,(anonymous_32)
FNF:33
FNH:0
FNDA:0,(anonymous_0)
FNDA:0,(anonymous_1)
FNDA:0,(anonymous_2)
FNDA:0,(anonymous_3)
FNDA:0,(anonymous_4)
FNDA:0,(anonymous_5)
FNDA:0,(anonymous_6)
FNDA:0,(anonymous_7)
FNDA:0,(anonymous_8)
FNDA:0,(anonymous_9)
FNDA:0,(anonymous_10)
FNDA:0,(anonymous_11)
FNDA:0,(anonymous_12)
FNDA:0,(anonymous_13)
FNDA:0,(anonymous_14)
FNDA:0,(anonymous_15)
FNDA:0,(anonymous_16)
FNDA:0,(anonymous_17)
FNDA:0,(anonymous_18)
FNDA:0,(anonymous_19)
FNDA:0,(anonymous_20)
FNDA:0,(anonymous_21)
FNDA:0,(anonymous_22)
FNDA:0,(anonymous_23)
FNDA:0,(anonymous_24)
FNDA:0,(anonymous_25)
FNDA:0,(anonymous_26)
FNDA:0,(anonymous_27)
FNDA:0,(anonymous_28)
FNDA:0,(anonymous_29)
FNDA:0,(anonymous_30)
FNDA:0,(anonymous_31)
FNDA:0,(anonymous_32)
DA:73,0
DA:75,0
DA:83,0
DA:87,0
DA:91,0
DA:95,0
DA:97,0
DA:100,0
DA:101,0
DA:104,0
DA:107,0
DA:108,0
DA:113,0
DA:115,0
DA:119,0
DA:133,0
DA:134,0
DA:135,0
DA:136,0
DA:137,0
DA:138,0
DA:139,0
DA:140,0
DA:141,0
DA:142,0
DA:143,0
DA:144,0
DA:145,0
DA:146,0
DA:150,0
LF:30
LH:0
BRDA:98,0,0,0
BRDA:98,0,1,0
BRDA:105,1,0,0
BRDA:105,1,1,0
BRF:4
BRH:0
end_of_record
TN:
SF:src/stores/serverStore.ts
FN:85,(anonymous_0)
FN:86,(anonymous_1)
FN:90,(anonymous_2)
FN:91,(anonymous_3)
FN:92,(anonymous_4)
FN:93,(anonymous_5)
FN:95,(anonymous_6)
FN:96,(anonymous_7)
FN:100,(anonymous_8)
FN:101,(anonymous_9)
FN:108,(anonymous_10)
FN:110,(anonymous_11)
FN:111,(anonymous_12)
FN:115,(anonymous_13)
FN:116,(anonymous_14)
FN:117,(anonymous_15)
FN:120,(anonymous_16)
FN:121,(anonymous_17)
FN:122,(anonymous_18)
FN:125,(anonymous_19)
FN:126,(anonymous_20)
FN:128,(anonymous_21)
FN:129,(anonymous_22)
FN:133,(anonymous_23)
FN:134,(anonymous_24)
FN:135,(anonymous_25)
FN:138,(anonymous_26)
FN:139,(anonymous_27)
FN:140,(anonymous_28)
FN:143,(anonymous_29)
FN:144,(anonymous_30)
FN:146,(anonymous_31)
FN:152,(anonymous_32)
FNF:33
FNH:0
FNDA:0,(anonymous_0)
FNDA:0,(anonymous_1)
FNDA:0,(anonymous_2)
FNDA:0,(anonymous_3)
FNDA:0,(anonymous_4)
FNDA:0,(anonymous_5)
FNDA:0,(anonymous_6)
FNDA:0,(anonymous_7)
FNDA:0,(anonymous_8)
FNDA:0,(anonymous_9)
FNDA:0,(anonymous_10)
FNDA:0,(anonymous_11)
FNDA:0,(anonymous_12)
FNDA:0,(anonymous_13)
FNDA:0,(anonymous_14)
FNDA:0,(anonymous_15)
FNDA:0,(anonymous_16)
FNDA:0,(anonymous_17)
FNDA:0,(anonymous_18)
FNDA:0,(anonymous_19)
FNDA:0,(anonymous_20)
FNDA:0,(anonymous_21)
FNDA:0,(anonymous_22)
FNDA:0,(anonymous_23)
FNDA:0,(anonymous_24)
FNDA:0,(anonymous_25)
FNDA:0,(anonymous_26)
FNDA:0,(anonymous_27)
FNDA:0,(anonymous_28)
FNDA:0,(anonymous_29)
FNDA:0,(anonymous_30)
FNDA:0,(anonymous_31)
FNDA:0,(anonymous_32)
DA:70,0
DA:85,0
DA:86,0
DA:90,0
DA:91,0
DA:92,0
DA:93,0
DA:96,0
DA:101,0
DA:102,0
DA:103,0
DA:104,0
DA:105,0
DA:108,0
DA:111,0
DA:116,0
DA:117,0
DA:121,0
DA:122,0
DA:125,0
DA:126,0
DA:129,0
DA:134,0
DA:135,0
DA:139,0
DA:140,0
DA:143,0
DA:144,0
DA:146,0
DA:150,0
DA:152,0
DA:153,0
DA:154,0
DA:156,0
LF:34
LH:0
BRDA:102,0,0,0
BRDA:102,0,1,0
BRDA:122,1,0,0
BRDA:122,1,1,0
BRDA:135,2,0,0
BRDA:135,2,1,0
BRDA:153,3,0,0
BRDA:153,3,1,0
BRF:8
BRH:0
end_of_record
TN:
SF:src/types/index.ts
FNF:0
FNH:0
LF:0
LH:0
BRF:0
BRH:0
end_of_record
TN:
SF:src/utils/mentions.ts
FN:11,containsMention
FN:31,containsWatchWord
FN:33,(anonymous_2)
FN:45,extractMentions
FNF:4
FNH:2
FNDA:11,containsMention
FNDA:0,containsWatchWord
FNDA:0,(anonymous_2)
FNDA:5,extractMentions
DA:12,11
DA:13,3
DA:17,8
DA:21,8
DA:22,8
DA:32,0
DA:33,0
DA:34,0
DA:35,0
DA:36,0
DA:46,5
DA:48,4
DA:49,4
DA:52,4
DA:53,5
DA:56,4
LF:16
LH:11
BRDA:12,0,0,3
BRDA:12,0,1,8
BRDA:12,1,0,11
BRDA:12,1,1,10
BRDA:12,1,2,9
BRDA:32,2,0,0
BRDA:32,2,1,0
BRDA:32,3,0,0
BRDA:32,3,1,0
BRDA:34,4,0,0
BRDA:34,4,1,0
BRDA:46,5,0,1
BRDA:46,5,1,4
BRF:13
BRH:7
end_of_record
TN:
SF:src/utils/sounds.ts
FN:16,preloadSounds
FN:28,(anonymous_1)
FN:37,playSound
FN:42,(anonymous_3)
FNF:4
FNH:0
FNDA:0,preloadSounds
FNDA:0,(anonymous_1)
FNDA:0,playSound
FNDA:0,(anonymous_3)
DA:13,0
DA:17,0
DA:28,0
DA:29,0
DA:30,0
DA:31,0
DA:32,0
DA:38,0
DA:39,0
DA:41,0
DA:42,0
DA:44,0
DA:50,0
DA:51,0
LF:14
LH:0
BRDA:39,0,0,0
BRDA:39,0,1,0
BRDA:50,1,0,0
BRDA:50,1,1,0
BRF:4
BRH:0
end_of_record
